SF:lib/src/shared/data_type.dart
DA:19,2
DA:20,0
DA:23,0
DA:25,0
DA:26,0
DA:27,0
DA:28,0
DA:29,0
DA:35,0
DA:37,0
DA:38,0
DA:39,0
DA:40,0
DA:41,0
LF:14
LH:1
end_of_record
SF:lib/src/shared/data_type_validator.dart
DA:9,1
DA:17,2
DA:18,2
DA:20,2
DA:22,0
DA:23,0
DA:24,0
DA:32,0
DA:33,0
DA:34,0
DA:42,0
DA:44,0
DA:47,0
DA:55,0
DA:64,0
DA:65,0
DA:68,0
LF:17
LH:4
end_of_record
SF:lib/src/shared/numerical_type_helper.dart
DA:7,0
DA:8,0
DA:9,0
DA:10,0
DA:14,0
DA:15,0
DA:17,0
DA:22,0
LF:8
LH:0
end_of_record
SF:lib/src/shared/utils/codegen_utils.dart
DA:5,2
DA:6,2
DA:7,2
DA:8,4
DA:9,12
DA:13,0
DA:14,0
DA:15,0
DA:19,0
DA:20,0
DA:24,2
DA:25,4
DA:29,0
DA:30,0
DA:35,2
DA:36,2
DA:38,4
DA:39,2
DA:40,2
DA:46,2
DA:48,12
DA:51,4
DA:54,4
DA:55,0
DA:123,2
DA:124,0
DA:130,0
DA:131,0
LF:28
LH:17
end_of_record
SF:lib/src/shared/utils/translation_file_parser.dart
DA:10,0
DA:12,2
DA:13,2
DA:14,2
DA:17,0
DA:18,0
DA:23,0
DA:24,0
DA:25,0
DA:26,0
DA:29,0
DA:30,0
DA:35,0
DA:36,0
DA:37,0
DA:38,0
DA:43,0
DA:44,0
DA:48,0
DA:49,0
DA:50,0
DA:51,0
DA:52,0
DA:53,0
DA:54,0
DA:55,0
DA:56,0
DA:62,0
DA:63,0
DA:64,0
DA:65,0
DA:66,0
DA:71,0
DA:72,0
DA:73,0
DA:75,0
DA:76,0
DA:81,0
DA:82,0
DA:83,0
DA:86,0
DA:87,0
DA:88,0
DA:89,0
DA:91,0
DA:92,0
DA:99,0
DA:100,0
DA:101,0
DA:105,0
DA:108,0
DA:112,0
DA:113,0
DA:114,0
DA:115,0
DA:117,0
DA:125,0
DA:126,0
DA:127,0
DA:130,0
DA:131,0
DA:132,0
DA:133,0
DA:137,0
DA:138,0
DA:142,0
DA:151,4
DA:152,4
DA:155,4
DA:156,4
DA:157,0
DA:158,0
DA:159,0
DA:160,0
DA:167,4
DA:168,4
DA:169,0
DA:170,0
DA:171,0
DA:172,0
DA:173,0
DA:174,0
DA:185,1
DA:189,4
DA:190,0
DA:191,1
DA:193,0
DA:194,0
DA:195,0
DA:196,0
LF:90
LH:12
end_of_record
SF:lib/src/shared/utils/translation_validator.dart
DA:13,2
DA:23,0
DA:24,3
DA:34,3
DA:55,4
DA:56,4
DA:57,4
DA:58,4
DA:59,4
DA:60,4
DA:62,0
DA:70,0
DA:71,0
DA:72,0
DA:73,0
DA:74,0
DA:75,0
DA:76,0
DA:80,2
DA:81,2
DA:82,3
DA:83,4
DA:84,4
DA:85,4
DA:86,4
DA:87,4
DA:93,3
DA:100,2
DA:107,2
DA:113,1
DA:119,1
DA:134,5
DA:136,2
DA:139,2
DA:140,2
DA:144,0
DA:147,0
DA:160,2
DA:172,2
DA:173,2
DA:174,4
DA:175,3
DA:176,4
DA:177,4
DA:181,6
DA:182,6
DA:183,4
DA:187,2
DA:197,2
DA:223,1
DA:232,1
DA:239,1
DA:240,1
DA:243,1
DA:247,1
DA:248,0
DA:251,1
DA:252,1
DA:253,2
DA:254,1
DA:257,1
DA:258,1
DA:259,0
DA:260,0
DA:263,1
DA:267,1
DA:268,1
DA:270,1
DA:271,1
DA:273,1
DA:274,1
DA:278,1
DA:279,1
DA:280,7
DA:281,1
DA:283,1
DA:284,0
DA:285,0
DA:288,2
DA:290,1
DA:291,3
DA:292,3
DA:293,3
DA:295,0
DA:296,0
DA:300,1
DA:308,2
DA:309,2
DA:311,0
DA:314,1
DA:315,1
DA:324,2
DA:332,2
DA:339,2
DA:340,2
DA:343,2
DA:347,2
DA:348,0
DA:351,2
DA:352,2
DA:353,0
DA:354,0
DA:357,14
DA:359,2
DA:360,0
DA:361,0
DA:364,2
DA:365,2
DA:366,2
DA:367,4
DA:369,2
DA:370,6
DA:371,6
DA:372,6
DA:374,0
DA:375,0
DA:379,2
DA:380,0
DA:381,0
DA:384,4
DA:385,2
DA:393,4
DA:394,4
DA:396,0
DA:399,2
DA:400,2
DA:406,2
DA:411,2
DA:412,2
DA:416,2
DA:424,2
DA:425,2
DA:427,2
DA:429,0
DA:430,0
DA:433,2
DA:434,2
DA:442,1
DA:443,3
DA:446,12
DA:448,4
DA:449,4
DA:451,4
DA:452,2
DA:453,2
DA:455,7
DA:456,4
DA:459,4
DA:460,2
DA:461,2
DA:462,1
DA:463,1
DA:466,6
DA:467,3
DA:468,1
DA:469,1
DA:471,1
DA:476,4
DA:477,2
DA:478,4
DA:479,2
DA:480,2
DA:481,4
DA:484,4
DA:485,4
DA:486,4
DA:488,4
DA:489,4
DA:490,2
DA:491,2
DA:492,7
DA:495,4
DA:496,4
DA:497,4
DA:498,2
DA:499,2
DA:500,1
DA:501,2
DA:502,2
DA:507,4
DA:508,2
DA:509,2
DA:519,4
DA:520,2
DA:523,2
DA:529,4
DA:530,2
DA:533,2
DA:541,2
DA:542,2
DA:549,2
DA:551,2
DA:552,2
DA:558,2
DA:563,4
DA:564,2
DA:565,2
DA:566,2
DA:567,4
DA:568,2
DA:569,2
DA:571,2
DA:572,2
DA:573,2
DA:574,0
DA:575,0
DA:578,2
DA:579,4
DA:580,4
DA:581,4
DA:582,2
DA:583,0
DA:584,0
DA:594,2
DA:603,2
DA:607,4
DA:608,2
DA:609,2
DA:610,2
DA:615,10
DA:616,2
DA:618,2
DA:623,2
DA:624,1
DA:626,1
DA:631,1
DA:636,2
DA:637,2
DA:639,2
DA:645,2
DA:646,1
DA:648,0
DA:653,0
DA:658,2
DA:659,0
DA:661,0
DA:667,2
DA:668,0
DA:669,0
DA:670,0
DA:671,0
DA:676,0
DA:683,0
DA:684,0
DA:686,0
DA:687,0
DA:695,1
DA:705,1
DA:709,2
DA:710,0
DA:712,1
DA:716,2
DA:723,4
DA:727,2
DA:728,2
DA:729,4
DA:733,2
DA:734,2
DA:735,0
DA:737,0
DA:742,2
DA:749,2
DA:750,2
DA:754,2
DA:755,2
DA:756,2
DA:757,4
DA:759,4
DA:764,2
DA:766,8
DA:779,1
DA:780,3
DA:781,1
DA:788,1
DA:789,1
DA:793,2
DA:797,0
DA:798,0
DA:799,0
DA:800,0
DA:801,0
DA:802,0
DA:803,0
DA:804,0
DA:805,0
DA:806,0
DA:807,0
DA:813,2
DA:817,4
DA:818,2
DA:819,2
DA:820,4
DA:821,2
DA:822,2
DA:823,2
DA:824,5
DA:825,2
DA:826,1
DA:827,1
DA:828,1
DA:829,1
DA:830,2
DA:831,1
DA:832,5
DA:840,2
DA:842,2
DA:846,2
DA:847,2
DA:849,8
DA:850,4
DA:851,2
DA:854,2
DA:855,0
DA:856,0
DA:862,2
DA:865,4
DA:866,8
DA:867,2
DA:869,4
DA:870,6
DA:877,2
DA:878,2
DA:882,2
DA:884,4
DA:885,4
DA:886,2
DA:894,2
DA:895,2
DA:896,3
DA:899,2
DA:903,4
DA:904,2
DA:908,2
DA:909,2
DA:910,2
DA:911,2
DA:913,2
DA:914,4
DA:915,8
DA:918,4
DA:921,6
DA:924,2
DA:932,2
DA:936,3
DA:937,2
DA:938,1
DA:941,6
DA:942,2
DA:943,2
DA:945,6
DA:946,0
DA:947,0
DA:952,2
DA:956,2
DA:960,1
DA:961,1
DA:962,0
DA:967,2
DA:968,1
DA:969,0
DA:973,1
DA:974,1
DA:975,2
DA:976,1
DA:977,1
DA:978,1
DA:979,2
DA:980,2
DA:983,5
DA:986,1
DA:992,0
DA:993,0
DA:996,0
DA:1001,2
DA:1004,2
DA:1005,4
DA:1006,2
DA:1007,3
DA:1010,1
DA:1011,1
DA:1014,1
DA:1015,1
DA:1018,1
DA:1019,1
DA:1023,1
DA:1024,2
DA:1025,2
DA:1026,2
DA:1030,1
DA:1032,1
DA:1033,1
DA:1039,1
DA:1042,1
DA:1045,1
DA:1046,2
DA:1047,2
DA:1048,1
DA:1049,1
DA:1052,1
DA:1053,2
DA:1054,2
DA:1055,2
DA:1059,1
DA:1061,1
DA:1062,1
DA:1068,1
DA:1069,1
DA:1073,3
DA:1074,3
DA:1075,1
DA:1076,1
DA:1078,1
DA:1079,0
DA:1081,0
DA:1085,1
DA:1086,1
DA:1088,1
DA:1093,1
DA:1094,1
DA:1095,1
DA:1098,1
DA:1099,1
DA:1105,1
DA:1106,4
DA:1107,1
DA:1111,0
DA:1112,0
DA:1115,2
DA:1118,2
DA:1119,4
DA:1120,4
DA:1121,4
DA:1122,10
DA:1128,2
DA:1129,2
DA:1130,2
DA:1133,2
DA:1134,2
DA:1135,4
DA:1136,2
DA:1137,6
DA:1142,0
DA:1143,0
DA:1144,0
DA:1145,0
DA:1146,0
DA:1154,2
DA:1155,2
DA:1156,2
DA:1157,4
DA:1158,2
DA:1159,2
DA:1162,2
DA:1163,2
DA:1164,2
DA:1166,4
DA:1170,0
DA:1171,0
DA:1172,0
DA:1179,2
DA:1180,6
DA:1181,4
DA:1182,2
DA:1191,0
DA:1192,0
DA:1196,0
DA:1204,0
DA:1205,0
DA:1206,0
DA:1207,0
LF:470
LH:380
end_of_record
SF:lib/src/localization_manager.dart
DA:6,1
DA:10,2
DA:13,0
DA:15,0
DA:21,3
DA:34,1
DA:36,2
DA:38,0
DA:39,0
DA:42,1
DA:44,3
DA:47,0
DA:51,2
DA:52,2
DA:53,2
DA:56,1
DA:57,2
DA:59,2
DA:60,2
DA:68,0
DA:69,0
DA:72,0
DA:81,1
DA:82,1
DA:83,2
DA:85,2
DA:88,2
DA:99,1
DA:100,1
DA:101,2
DA:102,1
DA:105,1
DA:106,6
DA:108,1
DA:109,0
DA:112,2
DA:116,2
DA:117,0
DA:118,0
DA:119,0
DA:121,0
DA:125,2
DA:126,0
DA:129,1
DA:136,1
DA:137,1
DA:138,2
DA:139,1
DA:143,0
DA:144,0
DA:146,0
DA:147,0
DA:152,0
LF:53
LH:34
end_of_record
SF:lib/src/anas_localization.dart
DA:27,0
DA:33,3
DA:37,0
DA:41,0
DA:62,1
DA:120,1
DA:121,1
DA:123,1
DA:124,1
DA:131,0
DA:139,1
DA:141,1
DA:144,2
DA:145,1
DA:146,2
DA:147,1
DA:152,3
DA:154,1
DA:157,1
DA:159,3
DA:160,1
DA:164,1
DA:165,1
DA:166,2
DA:167,4
DA:168,2
DA:169,3
DA:174,2
DA:177,2
DA:179,0
DA:182,0
DA:186,4
DA:187,1
DA:188,2
DA:189,1
DA:190,1
DA:195,1
DA:197,1
DA:198,2
DA:199,1
DA:200,1
DA:201,2
DA:202,2
DA:203,2
DA:204,2
DA:205,2
DA:207,0
DA:208,3
DA:209,1
DA:210,2
DA:218,1
DA:225,1
DA:236,1
DA:238,6
DA:240,1
DA:241,1
DA:243,1
DA:245,1
DA:246,3
DA:247,1
DA:248,4
DA:251,1
DA:253,0
DA:256,1
DA:257,2
LF:65
LH:57
end_of_record
SF:lib/src/features/localization/data/sources/translation_loader.dart
DA:13,2
DA:23,4
DA:25,8
DA:26,4
DA:30,4
DA:31,4
DA:40,3
DA:42,4
DA:43,24
DA:45,2
DA:47,8
DA:51,1
DA:52,2
DA:53,5
DA:54,3
DA:57,0
DA:58,0
DA:59,0
DA:60,0
DA:67,4
DA:68,8
DA:69,4
DA:79,1
DA:81,4
DA:84,3
DA:87,3
DA:89,6
DA:92,2
DA:94,0
DA:101,1
DA:103,4
DA:106,2
DA:109,2
DA:111,4
DA:114,0
DA:116,0
DA:123,1
DA:125,4
DA:128,2
DA:131,2
DA:133,4
DA:137,0
DA:139,0
DA:146,0
DA:158,0
DA:161,0
DA:162,0
DA:164,0
DA:166,0
DA:167,0
DA:168,0
DA:171,0
DA:172,0
DA:173,0
DA:174,0
DA:175,0
DA:176,0
DA:177,0
DA:178,0
DA:179,0
DA:180,0
DA:181,0
DA:186,0
DA:189,0
DA:190,0
DA:196,3
DA:197,3
DA:198,6
DA:199,3
DA:201,6
DA:202,2
DA:205,0
DA:212,3
DA:213,3
DA:214,3
LF:75
LH:43
end_of_record
SF:lib/src/features/localization/domain/entities/user_context.dart
DA:27,0
DA:46,0
DA:52,0
DA:53,0
DA:54,0
DA:55,0
DA:56,0
DA:61,0
DA:67,0
DA:68,0
DA:69,0
DA:70,0
DA:71,0
LF:13
LH:0
end_of_record
SF:lib/src/features/localization/domain/services/message_resolver.dart
DA:11,3
DA:19,0
DA:20,0
DA:21,0
DA:22,0
DA:23,0
DA:27,9
DA:29,12
DA:33,3
DA:34,3
DA:36,9
DA:37,0
DA:38,0
DA:40,3
DA:41,3
DA:47,0
DA:48,0
DA:49,0
DA:50,0
DA:51,0
DA:52,0
DA:55,0
DA:56,0
DA:57,0
DA:58,0
DA:59,0
DA:60,0
DA:61,0
DA:62,0
DA:65,0
DA:66,0
DA:71,3
DA:73,3
DA:74,0
DA:78,3
DA:80,6
DA:81,6
DA:82,9
DA:83,9
DA:84,9
DA:89,0
DA:90,0
DA:91,0
DA:92,0
DA:96,3
DA:98,6
DA:99,0
DA:100,0
DA:101,0
DA:102,0
DA:103,0
DA:104,0
DA:113,3
DA:119,3
LF:54
LH:20
end_of_record
SF:lib/src/features/localization/domain/services/honorific_resolver.dart
DA:24,0
DA:30,0
DA:31,0
DA:32,0
DA:33,0
DA:34,0
LF:6
LH:0
end_of_record
SF:lib/src/features/catalog/domain/entities/fallback_chain.dart
DA:5,2
DA:22,6
DA:27,2
DA:28,4
DA:31,4
DA:32,6
DA:34,2
DA:36,3
DA:40,1
DA:41,1
DA:42,1
DA:45,0
DA:46,0
DA:48,0
DA:51,0
DA:52,0
DA:53,0
DA:54,0
DA:55,0
DA:57,0
DA:58,0
LF:21
LH:11
end_of_record
SF:lib/src/features/catalog/domain/entities/language_group.dart
DA:8,0
DA:25,0
DA:28,0
DA:29,0
DA:30,0
DA:34,0
DA:36,0
DA:37,0
DA:39,0
DA:42,0
DA:43,0
DA:44,0
DA:45,0
DA:46,0
DA:48,0
DA:49,0
LF:16
LH:0
end_of_record
SF:lib/src/features/catalog/domain/entities/custom_locale.dart
DA:7,0
DA:31,0
DA:34,0
DA:36,0
DA:37,0
DA:39,0
DA:42,0
DA:43,0
DA:44,0
DA:45,0
DA:46,0
DA:47,0
DA:48,0
DA:50,0
DA:52,0
LF:15
LH:0
end_of_record
SF:lib/src/features/catalog/domain/entities/locale_validation_result.dart
DA:7,5
DA:42,0
DA:43,0
LF:3
LH:1
end_of_record
SF:lib/src/features/catalog/domain/entities/catalog_models.dart
DA:13,1
DA:14,1
DA:15,1
DA:17,1
DA:19,1
DA:26,2
DA:28,2
DA:30,2
DA:32,1
DA:38,3
DA:52,2
DA:62,2
DA:63,0
DA:64,0
DA:66,2
DA:67,2
DA:68,0
DA:72,2
DA:73,2
DA:74,6
DA:75,6
DA:76,6
DA:77,8
DA:78,8
DA:82,1
DA:83,1
DA:84,3
DA:85,2
DA:86,2
DA:87,2
DA:88,2
DA:103,2
DA:113,1
DA:114,1
DA:115,2
DA:116,3
DA:117,3
DA:121,1
DA:122,1
DA:123,2
DA:124,2
DA:125,2
DA:131,1
DA:139,0
DA:140,0
DA:141,0
DA:142,0
DA:146,1
DA:147,1
DA:148,2
DA:149,2
DA:155,2
DA:161,1
DA:162,1
DA:163,1
DA:167,0
DA:168,0
DA:169,0
DA:175,3
DA:181,2
DA:192,2
DA:193,2
DA:194,4
DA:195,4
DA:196,10
DA:197,4
DA:198,12
DA:200,4
DA:204,2
DA:205,2
DA:206,2
DA:207,2
DA:208,2
DA:209,1
DA:210,1
DA:211,4
DA:212,1
DA:217,2
DA:218,2
DA:219,2
DA:220,2
DA:221,3
DA:224,2
DA:225,3
DA:228,3
DA:229,4
DA:235,6
DA:242,1
DA:243,1
DA:260,2
DA:264,2
DA:268,2
DA:269,2
DA:270,2
DA:274,4
DA:275,4
DA:276,8
DA:277,8
DA:278,8
DA:279,12
DA:280,12
DA:281,8
DA:282,16
DA:287,3
DA:288,3
DA:289,3
DA:290,3
DA:291,5
DA:292,2
DA:293,2
DA:294,8
DA:295,2
DA:302,3
DA:303,3
DA:304,3
DA:305,4
DA:306,10
DA:311,3
DA:312,3
DA:313,3
DA:314,4
DA:315,10
DA:319,3
DA:320,3
DA:321,9
DA:322,3
DA:326,3
DA:327,6
DA:328,6
DA:336,1
DA:344,1
DA:345,1
DA:346,1
DA:347,1
DA:348,1
DA:349,0
DA:350,1
DA:356,2
DA:378,1
DA:379,1
DA:380,2
DA:381,2
DA:382,2
DA:383,6
DA:385,3
DA:386,2
DA:387,2
DA:388,3
DA:389,2
DA:393,0
DA:394,0
DA:395,0
DA:396,0
DA:397,0
DA:398,0
DA:402,0
DA:403,0
DA:404,0
DA:405,0
DA:406,0
DA:407,0
DA:408,0
DA:409,0
DA:415,0
DA:416,0
DA:419,0
DA:420,0
DA:421,0
DA:422,0
DA:423,0
DA:427,0
DA:437,0
DA:438,0
DA:439,0
DA:440,0
DA:441,0
DA:442,0
DA:443,0
DA:444,0
DA:445,0
DA:451,2
DA:469,1
DA:470,1
DA:471,1
DA:472,1
DA:473,1
DA:474,1
DA:475,1
DA:476,1
DA:477,1
DA:481,0
DA:482,0
DA:483,0
DA:484,0
DA:485,0
DA:486,0
DA:487,0
DA:488,0
DA:489,0
DA:493,0
DA:502,0
DA:503,0
DA:504,0
DA:505,0
DA:506,0
DA:507,0
DA:508,0
DA:509,0
DA:515,1
DA:539,1
DA:540,1
DA:541,1
DA:542,1
DA:543,1
DA:544,1
DA:545,1
DA:546,1
DA:547,1
DA:548,1
DA:549,1
DA:550,1
DA:554,0
DA:555,0
DA:556,0
DA:557,0
DA:558,0
DA:559,0
DA:563,0
DA:564,0
DA:566,0
DA:567,0
DA:568,0
DA:569,0
DA:570,0
DA:571,0
DA:572,0
DA:573,0
DA:577,0
DA:589,0
DA:590,0
DA:591,0
DA:592,0
DA:593,0
DA:594,0
DA:595,0
DA:596,0
DA:597,0
DA:598,0
DA:599,0
DA:604,0
DA:605,0
DA:608,0
DA:611,1
DA:615,2
DA:616,1
DA:619,1
LF:256
LH:165
end_of_record
SF:lib/src/features/catalog/domain/services/locale_validation_service.dart
DA:10,4
DA:22,4
DA:23,8
DA:25,4
DA:29,4
DA:32,8
DA:33,4
DA:34,6
DA:37,2
DA:44,8
DA:45,8
DA:46,8
DA:47,24
DA:50,4
DA:52,4
DA:62,1
DA:66,4
DA:68,4
DA:69,4
DA:71,4
DA:80,4
DA:83,2
DA:84,1
DA:87,1
DA:89,1
DA:94,4
DA:95,4
DA:98,4
DA:100,6
DA:101,3
DA:104,3
DA:107,3
DA:113,4
DA:115,4
DA:116,2
DA:119,2
DA:123,2
DA:129,4
DA:130,4
DA:133,4
DA:136,8
DA:137,4
DA:141,4
DA:152,4
DA:153,8
DA:157,4
DA:158,8
DA:162,4
DA:163,8
DA:167,4
DA:168,8
LF:51
LH:51
end_of_record
SF:lib/src/features/catalog/use_cases/catalog_service.dart
DA:32,2
DA:36,0
DA:37,0
DA:41,2
DA:49,2
DA:55,1
DA:66,1
DA:67,2
DA:76,2
DA:78,1
DA:80,1
DA:83,1
DA:92,1
DA:95,1
DA:96,2
DA:97,1
DA:98,1
DA:99,1
DA:100,3
DA:102,2
DA:103,2
DA:104,3
DA:105,3
DA:106,3
DA:107,2
DA:108,2
DA:109,2
DA:113,2
DA:117,2
DA:118,6
DA:119,0
DA:120,0
DA:121,0
DA:122,0
DA:123,0
DA:125,0
DA:132,0
DA:138,2
DA:140,10
DA:144,1
DA:145,1
DA:152,2
DA:153,3
DA:154,1
DA:155,1
DA:156,1
DA:158,1
DA:159,1
DA:161,1
DA:162,1
DA:166,1
DA:167,1
DA:168,1
DA:170,1
DA:171,1
DA:173,1
DA:174,1
DA:178,1
DA:179,1
DA:189,1
DA:192,1
DA:193,2
DA:194,0
DA:197,1
DA:198,4
DA:199,5
DA:203,2
DA:209,2
DA:210,0
DA:211,0
DA:215,4
DA:216,2
DA:217,1
DA:218,2
DA:222,2
DA:223,1
DA:224,1
DA:225,0
DA:226,0
DA:230,2
DA:231,3
DA:232,2
DA:236,2
DA:237,2
DA:238,2
DA:239,1
DA:242,2
DA:243,1
DA:244,1
DA:247,2
DA:248,3
DA:249,2
DA:250,4
DA:252,2
DA:257,2
DA:258,1
DA:259,2
DA:260,1
DA:266,1
DA:267,2
DA:268,2
DA:269,1
DA:270,1
DA:274,1
DA:275,1
DA:278,1
DA:284,0
DA:288,0
DA:289,0
DA:290,0
DA:292,0
DA:293,0
DA:294,0
DA:295,0
DA:296,0
DA:297,0
DA:298,0
DA:299,0
DA:301,0
DA:303,0
DA:304,0
DA:305,0
DA:306,0
DA:310,1
DA:314,1
DA:315,2
DA:316,0
DA:319,3
DA:321,0
DA:323,1
DA:324,2
DA:325,1
DA:326,1
DA:327,1
DA:329,1
DA:331,2
DA:336,2
DA:337,1
DA:338,1
DA:339,1
DA:342,1
DA:343,1
DA:345,1
DA:346,2
DA:347,1
DA:348,2
DA:352,1
DA:357,1
DA:358,2
DA:359,0
DA:361,2
DA:362,0
DA:365,3
DA:366,1
DA:367,1
DA:369,2
DA:370,2
DA:371,3
DA:372,1
DA:374,3
DA:376,0
DA:379,1
DA:380,3
DA:381,4
DA:382,2
DA:383,1
DA:386,2
DA:387,1
DA:390,1
DA:391,3
DA:394,3
DA:395,0
DA:396,0
DA:400,2
DA:401,2
DA:406,3
DA:407,1
DA:409,1
DA:417,1
DA:418,0
DA:419,0
DA:424,4
DA:425,2
DA:430,3
DA:431,1
DA:433,1
DA:442,4
DA:443,3
DA:444,2
DA:445,1
DA:446,1
DA:447,1
DA:450,1
DA:452,1
DA:453,2
DA:454,1
DA:459,0
DA:463,0
DA:464,0
DA:465,0
DA:467,0
DA:468,0
DA:471,0
DA:472,0
DA:474,0
DA:477,0
DA:478,0
DA:479,0
DA:480,0
DA:482,0
DA:484,0
DA:487,0
DA:488,0
DA:489,0
DA:490,0
DA:494,0
DA:495,0
DA:498,0
DA:499,0
DA:505,0
DA:506,0
DA:512,0
DA:514,0
DA:521,0
DA:522,0
DA:523,0
DA:524,0
DA:525,0
DA:526,0
DA:529,0
DA:531,0
DA:532,0
DA:533,0
DA:538,0
DA:539,0
DA:540,0
DA:541,0
DA:542,0
DA:544,0
DA:546,0
DA:547,0
DA:548,0
DA:549,0
DA:550,0
DA:551,0
DA:555,1
DA:559,1
DA:560,2
DA:561,0
DA:563,2
DA:564,0
DA:567,1
DA:571,2
DA:572,1
DA:575,2
DA:576,1
DA:577,1
DA:578,1
DA:582,1
DA:585,1
DA:589,1
DA:590,1
DA:591,2
DA:592,4
DA:596,2
DA:597,1
DA:599,1
DA:600,1
DA:601,2
DA:602,1
DA:604,1
DA:607,2
DA:608,1
DA:609,1
DA:610,1
DA:613,1
DA:617,0
DA:618,0
DA:621,0
DA:622,0
DA:623,0
DA:624,0
DA:628,0
DA:629,0
DA:630,0
DA:633,0
DA:637,0
DA:638,0
DA:640,0
DA:641,0
DA:644,0
DA:645,0
DA:646,0
DA:649,0
DA:655,0
DA:658,0
DA:659,0
DA:670,0
DA:671,0
DA:672,0
DA:673,0
DA:676,0
DA:677,0
DA:681,0
DA:682,0
DA:684,0
DA:685,0
DA:686,0
DA:687,0
DA:692,0
DA:693,0
DA:694,0
DA:695,0
DA:696,0
DA:705,0
DA:706,0
DA:708,0
DA:709,0
DA:710,0
DA:713,0
DA:718,0
DA:719,0
DA:724,0
DA:728,0
DA:729,0
DA:730,0
DA:731,0
DA:735,0
DA:741,0
DA:742,0
DA:743,0
DA:744,0
DA:745,0
DA:754,0
DA:759,0
DA:760,0
DA:761,0
DA:765,0
DA:766,0
DA:772,0
DA:773,0
DA:782,0
DA:783,0
DA:786,0
DA:793,0
DA:794,0
DA:801,0
DA:802,0
DA:804,0
DA:805,0
DA:810,0
DA:811,0
DA:813,0
DA:814,0
DA:815,0
DA:822,0
DA:823,0
DA:824,0
DA:825,0
DA:828,0
DA:832,0
DA:833,0
DA:835,0
DA:836,0
DA:837,0
DA:845,0
DA:846,0
DA:847,0
DA:848,0
DA:851,0
DA:853,0
DA:854,0
DA:860,0
DA:861,0
DA:862,0
DA:863,0
DA:865,0
DA:871,0
DA:877,0
DA:879,0
DA:880,0
DA:884,0
DA:885,0
DA:886,0
DA:890,0
DA:891,0
DA:896,0
DA:908,0
DA:909,0
DA:914,0
DA:919,0
DA:926,0
DA:929,0
DA:930,0
DA:931,0
DA:934,0
DA:935,0
DA:937,0
DA:938,0
DA:939,0
DA:940,0
DA:948,0
DA:949,0
DA:950,0
DA:951,0
DA:955,0
DA:956,0
DA:960,0
DA:972,0
DA:979,2
DA:980,4
DA:981,4
DA:982,2
DA:983,2
DA:985,2
DA:986,4
DA:987,2
DA:988,0
DA:989,0
DA:993,2
DA:994,4
DA:995,8
DA:999,4
DA:1000,4
DA:1003,4
DA:1004,2
DA:1005,1
DA:1007,4
DA:1010,2
DA:1011,4
DA:1012,4
DA:1013,7
DA:1014,2
DA:1017,2
DA:1021,8
DA:1022,2
DA:1025,2
DA:1028,6
DA:1029,4
DA:1030,2
DA:1031,0
DA:1037,4
DA:1038,2
DA:1039,2
DA:1044,2
DA:1053,2
DA:1060,4
DA:1061,2
DA:1062,4
DA:1063,4
DA:1064,2
DA:1069,2
DA:1071,4
DA:1073,4
DA:1075,4
DA:1077,2
DA:1084,7
DA:1085,0
DA:1088,4
DA:1090,1
DA:1091,1
DA:1092,2
DA:1093,1
DA:1094,4
DA:1095,2
DA:1101,2
DA:1102,0
DA:1103,0
DA:1109,4
DA:1110,2
DA:1111,1
DA:1116,0
DA:1117,0
DA:1118,0
DA:1119,0
DA:1120,0
DA:1129,4
DA:1130,4
DA:1131,2
DA:1132,4
DA:1134,2
DA:1135,0
DA:1138,4
DA:1147,2
DA:1148,8
DA:1154,2
DA:1155,0
DA:1163,8
DA:1173,2
DA:1176,2
DA:1179,2
DA:1180,2
DA:1182,6
DA:1184,2
DA:1187,4
DA:1188,2
DA:1189,2
DA:1190,2
DA:1191,4
DA:1192,2
DA:1196,1
DA:1197,1
DA:1198,6
DA:1200,2
DA:1201,2
DA:1202,2
DA:1203,3
DA:1209,0
DA:1219,1
DA:1223,2
DA:1224,3
DA:1225,0
DA:1229,2
DA:1230,1
DA:1231,1
DA:1237,1
DA:1238,1
DA:1241,1
DA:1248,2
DA:1249,0
DA:1251,2
DA:1252,0
DA:1255,1
DA:1256,3
DA:1259,1
DA:1260,0
DA:1261,0
DA:1265,2
DA:1266,1
DA:1267,3
DA:1270,1
DA:1272,3
DA:1274,0
DA:1276,1
DA:1277,3
DA:1278,2
DA:1282,1
DA:1284,1
DA:1292,1
DA:1293,2
DA:1294,3
DA:1295,1
DA:1298,2
DA:1303,8
DA:1304,2
DA:1305,2
DA:1307,4
DA:1308,2
DA:1312,4
DA:1313,1
DA:1316,4
DA:1317,2
DA:1321,2
DA:1322,1
DA:1329,2
DA:1330,2
DA:1337,1
DA:1338,2
DA:1342,1
DA:1350,2
DA:1362,2
DA:1379,2
DA:1385,2
DA:1389,2
DA:1390,2
DA:1392,2
DA:1393,2
DA:1394,0
DA:1395,0
DA:1406,2
DA:1410,2
DA:1414,2
DA:1415,2
DA:1416,2
DA:1422,0
DA:1423,0
DA:1428,2
DA:1429,2
DA:1430,2
DA:1432,2
DA:1435,4
LF:581
LH:333
end_of_record
SF:lib/src/api/fallback_configuration_api.dart
DA:16,0
DA:30,0
DA:31,0
DA:32,0
DA:33,0
DA:34,0
DA:35,0
DA:36,0
DA:37,0
DA:38,0
DA:39,0
DA:40,0
DA:46,0
DA:52,0
DA:53,0
DA:54,0
DA:55,0
DA:56,0
DA:64,0
DA:65,0
DA:66,0
DA:67,0
DA:73,0
DA:82,0
DA:83,0
DA:84,0
DA:85,0
DA:86,0
DA:87,0
DA:88,0
DA:89,0
DA:100,0
DA:101,0
DA:102,0
DA:103,0
DA:104,0
DA:105,0
DA:106,0
DA:112,0
DA:124,0
DA:125,0
DA:126,0
DA:127,0
DA:128,0
DA:134,0
DA:143,0
DA:144,0
DA:145,0
DA:175,0
DA:177,0
DA:178,0
DA:182,0
DA:187,0
DA:188,0
DA:189,0
DA:191,0
DA:192,0
DA:193,0
DA:195,0
DA:196,0
DA:197,0
DA:200,0
DA:204,0
DA:207,0
DA:210,0
DA:211,0
DA:238,0
DA:240,0
DA:241,0
DA:245,0
DA:251,0
DA:253,0
DA:254,0
DA:257,0
DA:258,0
DA:263,0
DA:264,0
DA:266,0
DA:269,0
DA:271,0
DA:274,0
DA:277,0
DA:280,0
DA:281,0
DA:311,0
DA:315,0
DA:316,0
DA:320,0
DA:326,0
DA:328,0
DA:329,0
DA:332,0
DA:333,0
DA:337,0
DA:338,0
DA:339,0
DA:340,0
DA:343,0
DA:344,0
DA:350,0
DA:351,0
DA:354,0
DA:355,0
DA:356,0
DA:357,0
DA:362,0
DA:365,0
DA:369,0
DA:371,0
DA:372,0
DA:375,0
DA:376,0
DA:379,0
DA:382,0
DA:383,0
DA:392,0
DA:394,0
DA:395,0
DA:399,0
DA:405,0
DA:407,0
DA:408,0
DA:411,0
DA:412,0
DA:417,0
DA:419,0
DA:422,0
DA:424,0
DA:425,0
DA:428,0
DA:429,0
DA:432,0
DA:435,0
DA:436,0
DA:460,0
DA:462,0
DA:463,0
DA:467,0
DA:473,0
DA:475,0
DA:476,0
DA:478,0
DA:479,0
DA:482,0
DA:486,0
DA:489,0
DA:492,0
DA:493,0
LF:148
LH:0
end_of_record
SF:lib/src/features/localization/data/sources/anas_localization_storage.dart
DA:39,2
DA:51,1
DA:52,2
DA:53,1
DA:65,1
DA:66,2
DA:67,1
DA:80,0
DA:81,0
DA:82,0
LF:10
LH:7
end_of_record
SF:lib/src/shared/core/formatters/date_time_formatter.dart
DA:12,1
DA:18,1
DA:19,2
DA:20,2
DA:29,1
DA:30,2
DA:32,1
DA:33,2
DA:34,1
DA:40,1
DA:42,0
DA:44,4
DA:48,0
DA:49,0
DA:53,0
DA:54,0
DA:58,0
DA:59,0
DA:60,0
DA:62,0
DA:63,0
DA:64,0
DA:65,0
DA:66,0
DA:67,0
DA:74,0
DA:76,0
DA:77,0
DA:80,0
DA:84,0
DA:85,0
DA:92,0
DA:94,0
LF:33
LH:11
end_of_record
SF:lib/src/features/localization/domain/entities/dictionary.dart
DA:10,7
DA:24,0
DA:27,3
DA:30,2
DA:33,6
DA:34,6
DA:35,6
DA:40,1
DA:41,1
DA:43,2
DA:45,3
DA:46,3
DA:47,3
DA:54,3
DA:55,3
DA:56,3
DA:60,2
DA:62,6
DA:63,6
DA:64,12
DA:67,2
DA:68,4
DA:69,4
DA:70,2
LF:24
LH:23
end_of_record
SF:lib/src/features/localization/presentation/widgets/dictionary_localizations_delegate.dart
DA:7,1
DA:11,1
DA:12,1
DA:17,0
DA:19,1
DA:20,2
DA:22,1
DA:27,2
DA:28,1
DA:30,1
DA:33,0
LF:11
LH:9
end_of_record
SF:lib/src/core/http_client_adapter.dart
DA:29,2
DA:33,0
DA:35,0
DA:36,0
DA:39,0
DA:45,0
DA:46,0
DA:49,0
DA:55,0
DA:56,0
DA:59,0
DA:65,0
DA:66,0
DA:69,1
DA:71,2
DA:74,0
DA:75,0
DA:76,0
DA:77,0
DA:78,0
LF:20
LH:3
end_of_record
SF:lib/src/core/sdk_utils.dart
DA:19,2
DA:29,4
DA:30,10
DA:38,0
DA:39,0
DA:47,3
DA:48,3
DA:49,3
DA:50,3
DA:51,9
DA:59,3
DA:60,3
DA:61,3
DA:62,3
DA:63,3
DA:64,3
DA:65,3
DA:74,3
DA:75,3
DA:76,3
DA:77,6
DA:78,3
DA:86,0
DA:87,0
DA:88,0
DA:89,0
DA:98,3
DA:99,3
DA:101,3
DA:103,0
DA:115,3
DA:116,3
DA:117,3
DA:118,3
DA:119,12
DA:128,3
DA:129,3
DA:130,3
DA:131,3
DA:132,3
DA:134,6
DA:135,6
DA:138,3
DA:139,0
DA:140,0
DA:142,0
DA:146,3
DA:149,3
DA:150,3
DA:151,0
DA:160,1
DA:161,1
DA:162,1
DA:164,5
DA:165,5
DA:169,4
DA:170,4
DA:171,1
DA:175,2
DA:176,1
DA:177,1
DA:178,1
DA:181,2
DA:185,9
DA:190,3
DA:191,9
DA:194,9
DA:195,3
DA:196,0
DA:215,2
DA:216,2
DA:217,2
DA:221,6
DA:224,6
DA:227,12
DA:232,2
DA:233,2
DA:234,4
DA:235,4
DA:236,8
DA:239,4
DA:245,0
DA:247,0
DA:248,0
DA:256,0
DA:266,0
LF:86
LH:69
end_of_record
SF:lib/src/core/key_value_storage.dart
DA:71,2
DA:78,2
DA:79,2
DA:80,2
DA:83,2
DA:84,4
DA:86,0
DA:87,0
DA:89,0
DA:90,0
DA:92,0
DA:93,0
DA:95,1
DA:96,2
DA:98,1
DA:99,2
DA:101,0
DA:102,0
DA:104,0
DA:105,0
DA:107,0
DA:108,0
DA:110,0
DA:111,0
DA:113,0
DA:114,0
DA:116,0
DA:117,0
DA:119,0
DA:120,0
DA:130,0
DA:131,0
DA:133,0
DA:134,0
DA:136,0
DA:137,0
DA:139,0
DA:140,0
DA:142,0
DA:143,0
DA:145,0
DA:147,0
DA:151,0
DA:153,0
DA:157,0
DA:159,0
DA:163,0
DA:165,0
DA:169,0
DA:171,0
DA:175,0
DA:177,0
DA:181,0
DA:182,0
DA:184,0
DA:186,0
LF:56
LH:10
end_of_record
SF:lib/src/features/localization/domain/entities/locale_detector.dart
DA:9,0
DA:10,0
DA:13,0
DA:14,0
DA:15,0
DA:22,0
DA:23,0
DA:24,0
DA:31,0
DA:35,0
DA:36,0
DA:37,0
DA:41,0
DA:42,0
DA:43,0
LF:15
LH:0
end_of_record
SF:lib/src/shared/core/localization_exceptions.dart
DA:5,5
DA:9,1
DA:10,2
DA:15,9
DA:20,2
DA:21,4
DA:26,2
DA:39,0
DA:43,0
DA:51,0
DA:53,0
DA:54,0
DA:55,0
DA:56,0
DA:57,0
DA:58,0
DA:59,0
DA:60,0
DA:67,0
DA:68,0
LF:20
LH:7
end_of_record
SF:lib/src/features/localization/data/repositories/localization_service.dart
DA:12,18
DA:14,9
DA:16,27
DA:25,12
DA:36,7
DA:37,6
DA:38,12
DA:40,0
DA:41,0
DA:44,1
DA:45,1
DA:48,6
DA:49,6
DA:50,0
DA:52,6
DA:55,1
DA:56,2
DA:59,5
DA:60,5
DA:61,5
DA:64,0
DA:66,3
DA:67,3
DA:70,1
DA:74,2
DA:77,1
DA:78,2
DA:81,3
DA:82,3
DA:85,3
DA:87,4
DA:88,4
DA:91,7
DA:98,0
DA:99,0
DA:103,0
DA:106,0
DA:110,3
DA:118,1
DA:120,3
DA:121,9
DA:124,3
DA:127,3
DA:129,0
DA:130,0
DA:134,2
DA:136,2
DA:137,2
DA:138,2
DA:139,0
DA:140,0
DA:142,0
DA:143,0
DA:145,0
DA:146,0
DA:148,4
DA:151,8
DA:152,8
DA:153,8
DA:155,8
DA:156,40
DA:157,8
DA:159,16
DA:163,16
DA:164,15
DA:165,4
DA:167,8
DA:171,16
DA:173,0
DA:174,0
DA:176,4
DA:179,16
DA:180,0
DA:183,8
DA:184,2
DA:185,2
DA:187,5
DA:188,5
DA:190,8
DA:193,6
DA:194,6
DA:195,6
DA:199,18
DA:200,6
DA:204,4
DA:209,8
DA:210,4
DA:211,12
DA:215,8
DA:220,16
DA:222,0
DA:225,8
DA:226,8
DA:229,8
DA:230,8
DA:231,8
DA:232,8
DA:233,8
DA:237,16
DA:238,8
DA:239,4
DA:244,24
DA:245,16
DA:246,8
DA:248,24
DA:249,7
DA:250,4
DA:251,3
DA:260,8
DA:261,2
DA:263,4
DA:264,2
DA:265,1
DA:269,4
DA:270,4
DA:271,6
DA:277,8
DA:278,8
DA:282,16
DA:283,8
DA:284,7
DA:290,16
DA:291,16
DA:298,2
DA:299,4
DA:302,5
DA:303,5
DA:304,5
DA:305,9
DA:306,3
DA:309,5
DA:311,5
DA:313,10
DA:316,10
DA:318,5
DA:319,10
DA:320,5
DA:321,10
DA:322,10
DA:323,5
DA:330,0
DA:331,0
DA:334,0
DA:337,2
DA:338,2
DA:339,2
DA:340,0
DA:343,2
DA:345,2
DA:347,4
DA:350,4
DA:352,2
DA:353,2
DA:359,0
DA:362,0
DA:365,5
DA:366,5
DA:369,10
DA:370,2
DA:373,8
DA:377,0
DA:378,0
DA:382,0
DA:383,0
DA:386,5
DA:387,10
DA:388,0
DA:392,8
DA:393,8
DA:394,8
DA:395,8
DA:401,6
DA:402,6
DA:407,4
DA:410,2
DA:414,2
DA:415,2
DA:416,1
DA:417,1
DA:421,4
DA:424,4
DA:425,4
DA:427,8
DA:428,8
DA:431,2
DA:434,3
DA:435,3
DA:436,3
DA:440,2
DA:442,2
DA:444,4
DA:445,4
DA:447,1
DA:449,6
DA:452,2
DA:453,2
DA:454,2
DA:455,4
DA:456,4
DA:458,6
DA:461,6
DA:462,6
DA:464,6
DA:465,6
DA:466,6
DA:469,12
DA:470,12
DA:472,4
DA:480,8
DA:490,8
DA:491,8
DA:492,8
DA:493,8
DA:494,8
DA:496,8
DA:500,16
DA:501,15
DA:502,4
DA:504,8
DA:508,16
DA:510,0
DA:511,0
DA:513,4
DA:516,8
DA:517,8
DA:523,8
DA:524,8
DA:526,18
DA:527,10
DA:529,12
DA:530,8
DA:532,16
DA:533,16
DA:535,16
DA:541,2
DA:542,2
DA:543,2
DA:544,8
LF:238
LH:205
end_of_record
SF:lib/src/shared/core/formatters/number_formatter.dart
DA:11,1
DA:22,1
DA:23,2
DA:25,1
DA:26,1
DA:27,1
DA:28,1
DA:34,1
DA:40,1
DA:41,2
DA:46,1
DA:50,0
DA:51,0
DA:52,0
DA:56,1
DA:57,3
DA:59,0
DA:60,0
DA:62,1
DA:66,0
DA:67,0
DA:68,0
DA:72,0
DA:74,0
DA:77,0
DA:78,0
DA:79,0
DA:82,0
DA:89,0
DA:90,0
DA:91,0
LF:31
LH:14
end_of_record
SF:lib/src/shared/core/formatters/rich_text_formatter.dart
DA:10,0
DA:16,0
DA:17,0
DA:20,0
DA:22,0
DA:23,0
DA:24,0
DA:25,0
DA:31,0
DA:32,0
DA:34,0
DA:35,0
DA:37,0
DA:38,0
DA:42,0
DA:46,0
DA:47,0
DA:48,0
DA:49,0
DA:55,0
DA:59,0
DA:60,0
DA:61,0
DA:62,0
DA:63,0
DA:66,0
DA:72,0
DA:89,0
DA:91,0
DA:92,0
DA:93,0
DA:94,0
DA:95,0
LF:33
LH:0
end_of_record
SF:lib/src/shared/core/formatters/text_direction_helper.dart
DA:10,1
DA:23,2
DA:27,0
DA:28,0
DA:34,1
DA:43,1
DA:45,1
DA:46,1
DA:48,1
DA:50,1
DA:58,0
DA:59,0
DA:60,0
DA:64,0
DA:67,0
LF:15
LH:8
end_of_record
SF:lib/src/features/catalog/config/catalog_config.dart
DA:15,3
DA:16,6
DA:17,3
DA:19,0
DA:20,0
DA:22,0
DA:24,0
DA:27,0
DA:31,3
DA:33,3
DA:35,0
DA:37,0
DA:39,0
DA:45,4
DA:75,2
DA:76,4
DA:77,2
DA:78,0
DA:83,2
DA:84,4
DA:85,4
DA:87,0
DA:90,2
DA:91,4
DA:92,4
DA:94,0
DA:97,2
DA:112,2
DA:113,2
DA:114,2
DA:115,2
DA:116,2
DA:117,2
DA:118,2
DA:119,2
DA:120,2
DA:121,2
DA:122,2
DA:123,1
DA:124,1
DA:128,0
DA:129,0
DA:130,0
DA:131,0
DA:132,0
DA:133,0
DA:134,0
DA:135,0
DA:136,0
DA:137,0
DA:138,0
DA:139,0
DA:140,0
DA:141,0
DA:145,1
DA:146,1
DA:148,1
DA:149,1
DA:150,2
DA:151,1
DA:153,1
DA:154,1
DA:155,1
DA:156,1
DA:157,1
DA:158,1
DA:159,1
DA:160,1
DA:163,1
DA:180,3
DA:183,3
DA:184,3
DA:185,0
DA:188,3
DA:189,3
DA:190,3
DA:194,6
DA:195,5
DA:196,3
DA:197,3
DA:200,3
DA:201,3
DA:205,3
DA:206,9
DA:207,6
DA:208,3
DA:209,6
DA:210,6
DA:211,6
DA:212,9
DA:213,9
DA:214,6
DA:215,6
DA:221,0
DA:224,0
DA:225,0
DA:229,0
DA:230,0
DA:234,1
DA:238,1
DA:239,1
DA:240,2
DA:244,3
DA:245,3
DA:252,0
DA:253,0
DA:254,0
LF:107
LH:73
end_of_record
SF:lib/src/features/catalog/data/repositories/catalog_repository.dart
DA:14,2
DA:22,10
DA:26,2
DA:34,8
DA:36,2
DA:37,4
DA:38,2
DA:39,2
DA:40,0
DA:41,0
DA:42,0
DA:43,0
DA:44,0
DA:45,0
DA:49,1
DA:50,2
DA:51,1
DA:52,0
DA:55,2
DA:56,1
DA:57,1
DA:62,0
DA:63,0
DA:65,0
DA:66,0
DA:68,0
DA:69,0
DA:74,2
DA:75,2
DA:76,4
DA:77,2
DA:78,0
DA:82,2
DA:83,2
DA:84,12
DA:85,2
DA:86,10
DA:88,4
DA:89,4
DA:90,2
DA:93,4
DA:94,2
DA:95,4
DA:99,2
DA:102,0
DA:103,0
DA:104,0
DA:105,0
DA:106,0
DA:109,0
DA:110,0
DA:111,0
DA:112,0
DA:113,0
DA:115,0
DA:116,0
DA:117,0
DA:120,0
DA:121,0
DA:122,0
DA:123,0
DA:127,0
DA:130,0
DA:131,0
DA:132,0
DA:133,0
DA:134,0
DA:137,0
DA:138,0
DA:140,0
DA:141,0
DA:142,0
DA:145,0
DA:146,0
DA:148,0
DA:149,0
DA:150,0
DA:154,0
DA:155,0
DA:156,0
DA:159,0
DA:160,0
DA:163,0
DA:164,0
DA:165,0
DA:167,0
DA:170,0
DA:173,0
DA:174,0
DA:175,0
DA:176,0
DA:177,0
DA:178,0
DA:181,0
DA:182,0
DA:184,0
DA:185,0
DA:186,0
DA:187,0
DA:189,0
DA:192,0
DA:193,0
DA:196,0
DA:202,1
DA:206,1
DA:207,2
DA:208,3
DA:209,4
DA:211,1
DA:214,0
DA:215,0
DA:216,0
DA:217,0
DA:218,0
DA:220,0
DA:223,0
DA:224,0
DA:225,0
DA:226,0
DA:227,0
DA:228,0
DA:229,0
DA:230,0
DA:231,0
DA:232,0
DA:234,0
DA:236,0
DA:239,0
DA:240,0
DA:241,0
DA:242,0
DA:243,0
DA:245,0
DA:248,0
DA:249,0
DA:251,0
DA:254,1
DA:255,1
DA:257,2
DA:258,2
DA:259,3
DA:260,1
DA:261,2
DA:265,2
DA:266,2
DA:267,1
DA:268,2
DA:271,0
DA:272,0
DA:273,0
DA:274,0
DA:275,0
DA:276,0
DA:280,0
DA:281,0
DA:287,2
DA:288,2
DA:289,4
DA:293,0
DA:294,0
DA:295,0
DA:296,0
DA:299,0
DA:300,0
DA:301,0
DA:304,0
DA:305,0
DA:306,0
DA:309,0
DA:311,0
DA:312,0
DA:313,0
DA:314,0
DA:316,0
DA:317,0
DA:318,0
DA:320,0
DA:321,0
DA:322,0
DA:324,0
DA:325,0
DA:329,0
DA:330,0
DA:331,0
DA:337,0
DA:338,0
DA:339,0
DA:340,0
DA:344,0
DA:345,0
DA:346,0
DA:348,0
DA:349,0
DA:351,0
DA:352,0
DA:354,0
DA:355,0
DA:359,0
DA:360,0
DA:361,0
DA:364,0
DA:368,0
DA:369,0
DA:370,0
DA:375,0
DA:379,0
DA:380,0
DA:384,1
DA:393,0
DA:394,0
DA:395,0
DA:396,0
DA:397,0
DA:401,0
DA:402,0
DA:407,0
DA:408,0
DA:409,0
DA:410,0
DA:411,0
DA:412,0
DA:413,0
DA:414,0
DA:415,0
DA:416,0
DA:417,0
DA:419,0
DA:422,0
DA:424,0
DA:425,0
DA:426,0
DA:427,0
DA:428,0
DA:429,0
DA:431,0
DA:434,0
DA:436,0
DA:439,0
DA:441,0
DA:443,0
DA:444,0
DA:445,0
DA:448,0
DA:449,0
DA:450,0
DA:453,0
DA:454,0
DA:456,0
DA:457,0
DA:458,0
DA:459,0
DA:467,0
DA:468,0
DA:469,0
DA:473,0
DA:476,0
DA:480,0
DA:481,0
DA:482,0
DA:483,0
LF:260
LH:51
end_of_record
SF:lib/src/shared/utils/arb_interop.dart
DA:9,1
DA:21,1
DA:33,1
DA:37,1
DA:38,1
DA:42,1
DA:43,1
DA:44,1
DA:45,1
DA:47,2
DA:48,2
DA:49,2
DA:50,3
DA:54,3
DA:57,1
DA:64,1
DA:69,1
DA:70,2
DA:71,1
DA:72,1
DA:76,3
DA:77,2
DA:78,1
DA:81,2
DA:83,0
DA:89,1
DA:91,0
DA:94,1
DA:95,1
DA:96,1
DA:97,0
DA:100,1
DA:102,1
DA:103,1
DA:104,5
DA:105,1
DA:106,5
DA:108,2
DA:109,1
DA:110,1
DA:112,3
DA:114,2
DA:120,1
DA:121,1
DA:122,1
DA:123,5
DA:127,0
DA:133,0
DA:134,0
DA:136,0
DA:137,0
DA:138,0
DA:140,0
DA:141,0
DA:143,0
DA:144,0
DA:148,1
DA:149,1
DA:150,1
DA:151,0
DA:154,1
DA:155,1
DA:156,1
DA:160,2
DA:161,2
DA:163,1
DA:164,1
DA:165,1
DA:166,4
DA:169,1
DA:176,1
DA:179,1
DA:180,1
DA:181,5
DA:182,1
DA:184,2
DA:188,1
DA:189,1
DA:190,3
DA:194,1
DA:195,2
DA:196,2
DA:197,1
DA:200,1
DA:204,5
DA:206,1
DA:210,1
DA:211,1
DA:213,2
DA:215,0
DA:218,1
DA:219,3
DA:220,2
DA:223,2
DA:228,0
DA:229,0
DA:232,0
DA:240,1
DA:241,1
DA:245,2
DA:249,2
DA:253,1
DA:254,1
DA:255,1
DA:261,4
DA:265,2
DA:266,0
DA:273,1
DA:274,1
DA:277,1
DA:278,2
DA:281,0
DA:282,0
DA:285,1
DA:286,2
DA:289,1
DA:290,2
DA:293,0
DA:294,0
DA:298,1
DA:299,1
DA:303,1
DA:305,2
DA:306,0
DA:307,0
DA:308,0
DA:312,1
DA:316,0
DA:317,0
DA:318,0
LF:130
LH:101
end_of_record
SF:lib/src/features/catalog/domain/services/catalog_flatten.dart
DA:8,2
DA:9,2
DA:10,2
DA:14,2
DA:19,4
DA:20,8
DA:21,2
DA:23,4
DA:24,2
DA:28,2
DA:32,2
DA:33,2
DA:37,4
DA:38,4
DA:39,4
DA:43,1
DA:44,1
DA:47,2
DA:48,4
DA:51,2
DA:53,4
DA:54,2
DA:57,2
DA:60,2
DA:65,1
DA:70,1
DA:71,1
DA:74,4
DA:75,1
DA:76,1
DA:77,1
DA:81,1
DA:82,1
DA:85,2
DA:88,0
DA:89,0
DA:90,0
DA:91,0
DA:94,0
DA:99,0
DA:100,0
DA:104,0
DA:105,0
DA:109,0
DA:110,0
DA:114,0
DA:115,0
DA:116,0
DA:121,2
DA:122,2
DA:123,8
DA:127,2
DA:128,6
DA:131,2
DA:133,6
DA:134,1
DA:135,2
DA:139,2
DA:140,2
DA:143,2
DA:145,4
DA:146,2
DA:148,1
DA:149,0
DA:150,0
DA:153,1
DA:154,5
DA:155,3
DA:156,7
DA:157,1
DA:160,0
LF:71
LH:54
end_of_record
SF:lib/src/features/catalog/data/repositories/catalog_state_store.dart
DA:11,1
DA:13,2
DA:17,2
DA:18,2
DA:19,2
DA:20,2
DA:21,2
DA:22,4
DA:27,2
DA:28,1
DA:29,0
DA:30,0
DA:31,0
DA:35,2
DA:36,2
DA:37,3
DA:40,0
DA:41,0
DA:42,0
DA:47,2
DA:52,2
DA:53,2
DA:54,6
DA:55,2
DA:56,2
DA:59,4
DA:60,6
DA:61,2
DA:62,4
LF:29
LH:23
end_of_record
SF:lib/src/shared/utils/iso_locale_codes.dart
DA:446,0
DA:447,0
DA:452,0
DA:453,0
DA:457,0
DA:458,0
DA:462,0
DA:463,0
DA:467,0
DA:468,0
DA:473,0
DA:474,0
DA:475,0
DA:477,0
DA:479,0
DA:480,0
LF:16
LH:0
end_of_record
SF:lib/src/features/catalog/domain/services/catalog_status_engine.dart
DA:18,1
DA:20,2
DA:21,2
DA:22,2
DA:30,1
DA:31,2
DA:32,0
DA:35,0
DA:37,1
DA:45,1
DA:46,2
DA:47,1
DA:48,1
DA:49,1
DA:52,2
DA:62,0
DA:71,2
DA:77,2
DA:85,1
DA:91,2
DA:96,2
DA:105,2
DA:110,2
DA:117,1
DA:122,1
LF:25
LH:22
end_of_record
SF:lib/src/features/catalog/domain/services/catalog_ui_key_resolver.dart
DA:9,2
DA:11,2
DA:13,6
DA:21,0
DA:22,0
DA:29,0
DA:31,0
DA:33,0
DA:38,0
DA:39,0
DA:42,0
DA:43,0
DA:44,0
DA:45,0
DA:48,0
DA:49,0
DA:50,0
DA:53,0
DA:54,0
LF:19
LH:3
end_of_record
SF:lib/src/shared/services/logging/logging_service.dart
DA:28,10
DA:31,30
DA:34,20
DA:38,20
DA:41,0
DA:46,0
DA:49,10
DA:50,10
DA:54,5
DA:55,5
DA:59,3
DA:60,3
DA:64,3
DA:65,1
DA:66,3
DA:70,0
DA:71,0
DA:75,10
DA:76,10
DA:78,20
DA:79,10
DA:80,10
DA:84,20
DA:88,10
DA:90,10
DA:92,8
DA:94,6
DA:96,3
DA:98,0
DA:105,30
DA:110,5
DA:111,10
DA:115,0
DA:116,0
DA:120,5
DA:121,10
DA:125,0
DA:126,0
DA:130,1
DA:131,1
DA:135,1
DA:136,1
DA:140,0
DA:142,0
DA:144,0
DA:149,0
DA:150,0
LF:47
LH:33
end_of_record
SF:lib/src/features/localization/domain/services/fallback_resolver.dart
DA:29,5
DA:33,5
DA:34,5
DA:37,5
DA:38,5
DA:42,5
DA:43,5
DA:61,1
DA:62,1
DA:65,1
DA:66,2
DA:67,1
DA:68,1
DA:85,1
DA:89,1
DA:92,1
DA:93,1
DA:107,1
DA:112,1
DA:113,1
LF:20
LH:20
end_of_record
SF:lib/src/shared/utils/plural_rules.dart
DA:9,0
DA:10,0
DA:15,3
DA:17,3
DA:18,0
DA:19,3
DA:20,3
DA:21,3
DA:22,0
DA:23,3
DA:24,0
DA:25,3
DA:26,3
DA:27,0
DA:28,3
DA:29,3
DA:30,0
DA:31,0
DA:32,0
DA:33,0
DA:34,0
DA:35,0
DA:36,0
DA:37,0
DA:38,0
DA:39,0
DA:40,0
DA:41,0
DA:42,0
DA:43,0
DA:44,0
DA:45,0
DA:46,0
DA:47,0
DA:48,0
DA:49,0
DA:50,0
DA:51,0
DA:52,0
DA:55,0
DA:60,3
DA:61,6
DA:66,0
DA:67,0
DA:68,0
DA:69,0
DA:70,0
DA:71,0
DA:72,0
DA:77,0
DA:78,0
DA:79,0
DA:81,0
DA:82,0
DA:87,0
DA:88,0
DA:89,0
DA:91,0
DA:92,0
DA:97,0
DA:98,0
DA:99,0
DA:104,0
DA:105,0
DA:109,0
DA:110,0
DA:114,0
DA:119,0
DA:120,0
DA:125,0
DA:127,0
DA:128,0
DA:129,0
DA:130,0
DA:131,0
DA:132,0
DA:133,0
DA:134,0
DA:135,0
DA:136,0
DA:137,0
DA:138,0
DA:140,0
LF:83
LH:12
end_of_record
SF:lib/src/features/localization/presentation/widgets/language_selector.dart
DA:9,0
DA:22,0
DA:24,0
DA:25,0
DA:26,0
DA:32,0
DA:34,0
DA:39,0
DA:40,0
DA:41,0
DA:43,0
DA:45,0
DA:46,0
DA:47,0
DA:49,0
DA:51,0
DA:53,0
DA:59,0
DA:60,0
DA:61,0
DA:62,0
DA:63,0
DA:65,0
DA:71,0
DA:82,0
DA:84,0
DA:85,0
DA:87,0
DA:88,0
DA:90,0
DA:91,0
DA:92,0
DA:97,0
DA:98,0
DA:100,0
DA:102,0
DA:104,0
DA:112,0
DA:123,0
DA:125,0
DA:126,0
DA:128,0
DA:130,0
DA:132,0
DA:133,0
DA:134,0
DA:135,0
DA:136,0
DA:140,0
DA:143,0
DA:144,0
DA:145,0
DA:147,0
DA:148,0
DA:149,0
DA:150,0
DA:155,0
DA:157,0
DA:158,0
DA:159,0
DA:160,0
DA:162,0
DA:164,0
DA:165,0
DA:168,0
DA:170,0
DA:172,0
DA:173,0
DA:174,0
DA:180,0
DA:181,0
DA:182,0
DA:183,0
DA:188,0
DA:191,0
DA:204,0
DA:205,0
DA:206,0
DA:207,0
DA:208,0
DA:209,0
DA:211,0
DA:213,0
DA:216,0
DA:217,0
DA:218,0
DA:219,0
DA:220,0
DA:223,0
DA:228,0
DA:231,0
DA:233,0
DA:235,0
DA:236,0
DA:237,0
DA:238,0
DA:239,0
DA:246,0
DA:247,0
DA:249,0
DA:250,0
DA:251,0
DA:252,0
DA:253,0
DA:255,0
DA:257,0
DA:259,0
DA:261,0
DA:262,0
DA:264,0
DA:265,0
DA:267,0
DA:268,0
DA:269,0
DA:270,0
DA:274,0
DA:276,0
DA:277,0
DA:278,0
DA:279,0
DA:280,0
DA:281,0
DA:282,0
DA:293,0
DA:300,0
DA:302,0
DA:304,0
DA:305,0
DA:306,0
DA:307,0
DA:310,0
DA:312,0
DA:314,0
DA:315,0
DA:316,0
DA:320,0
DA:324,0
DA:327,0
DA:329,0
DA:330,0
DA:331,0
DA:332,0
DA:336,0
DA:352,0
DA:353,0
DA:354,0
DA:355,0
DA:358,0
DA:359,0
DA:360,0
DA:361,0
DA:362,0
DA:364,0
LF:153
LH:0
end_of_record
SF:lib/src/features/localization/presentation/widgets/language_setup_overlay.dart
DA:15,2
DA:16,1
DA:22,0
DA:23,0
DA:24,0
DA:25,0
DA:32,0
DA:38,1
DA:62,1
DA:63,1
DA:78,1
DA:80,1
DA:81,2
DA:85,2
DA:86,1
DA:90,2
DA:95,3
DA:96,1
DA:97,1
DA:103,1
DA:105,1
DA:106,3
DA:109,1
DA:110,1
DA:115,1
DA:118,0
DA:119,0
DA:122,0
DA:123,0
DA:124,0
DA:125,0
DA:127,0
DA:128,0
DA:129,0
DA:130,0
DA:131,0
DA:135,0
DA:138,0
DA:141,0
DA:144,0
DA:146,0
DA:149,0
DA:150,0
DA:153,0
DA:156,0
DA:157,0
DA:158,0
DA:161,0
DA:162,0
DA:165,0
DA:166,0
DA:171,0
DA:172,0
DA:176,0
DA:178,0
DA:179,0
DA:180,0
DA:181,0
DA:186,0
DA:188,0
DA:190,0
DA:196,0
DA:198,0
DA:200,0
DA:206,1
DA:208,2
DA:209,2
DA:210,1
DA:213,1
DA:215,1
DA:216,1
DA:218,1
DA:220,1
DA:222,1
DA:224,2
DA:227,1
DA:228,0
DA:229,0
DA:230,0
DA:233,0
DA:234,0
DA:235,0
DA:237,0
DA:239,0
DA:242,0
DA:243,0
DA:244,0
DA:246,0
DA:249,0
DA:256,0
DA:257,0
DA:260,0
DA:262,0
DA:263,0
DA:268,0
DA:271,0
DA:272,0
DA:273,0
DA:274,0
DA:280,0
DA:283,0
DA:285,0
DA:286,0
DA:287,0
DA:288,0
DA:289,0
DA:290,0
DA:291,0
DA:292,0
DA:297,0
DA:298,0
DA:299,0
DA:300,0
DA:321,0
DA:369,0
DA:371,0
DA:372,0
DA:373,0
DA:374,0
DA:375,0
DA:379,0
DA:380,0
DA:381,0
DA:382,0
DA:383,0
DA:384,0
DA:385,0
DA:386,0
DA:388,0
LF:129
LH:32
end_of_record
SF:lib/src/shared/utils/arabic_input_validation.dart
DA:14,0
DA:19,0
DA:20,0
DA:21,0
DA:22,0
DA:23,0
DA:24,0
DA:29,0
DA:30,0
DA:31,0
DA:32,0
DA:33,0
DA:34,0
DA:35,0
DA:36,0
DA:37,0
DA:38,0
DA:39,0
DA:40,0
DA:66,0
DA:71,0
DA:72,0
DA:73,0
DA:74,0
DA:75,0
DA:76,0
DA:77,0
DA:79,0
DA:81,0
LF:29
LH:0
end_of_record
SF:lib/src/shared/utils/arabic_text_utils.dart
DA:7,0
DA:8,0
DA:9,0
DA:10,0
DA:11,0
DA:13,0
DA:16,0
DA:17,0
DA:18,0
DA:19,0
DA:20,0
DA:27,0
DA:28,0
LF:13
LH:0
end_of_record
SF:lib/src/features/catalog/presentation/screens/catalog_preferences_controller.dart
DA:26,1
DA:27,1
DA:28,0
DA:29,0
DA:32,0
DA:33,0
DA:34,0
DA:35,0
DA:56,0
DA:57,0
DA:58,0
DA:61,0
DA:62,0
DA:71,0
DA:72,0
DA:73,0
DA:74,0
DA:75,0
DA:76,0
DA:77,0
DA:90,0
DA:91,0
DA:92,0
DA:94,0
DA:95,0
DA:96,0
DA:97,0
DA:99,0
DA:100,0
DA:101,0
DA:105,0
DA:106,0
DA:109,0
DA:110,0
DA:112,0
DA:113,0
DA:114,0
DA:115,0
DA:116,0
DA:120,0
DA:121,0
DA:124,0
DA:125,0
DA:128,0
DA:129,0
DA:130,0
DA:131,0
DA:134,0
DA:135,0
DA:138,0
DA:139,0
DA:140,0
DA:141,0
LF:53
LH:2
end_of_record
SF:lib/src/features/catalog/presentation/screens/catalog_workspace_controllers.dart
DA:26,2
DA:27,0
DA:28,2
DA:29,0
DA:31,1
DA:32,1
DA:33,2
DA:34,1
DA:37,1
DA:38,1
DA:39,0
DA:40,0
DA:41,0
DA:43,1
DA:44,1
DA:45,1
DA:46,1
DA:49,0
DA:51,0
DA:52,0
DA:55,0
DA:56,0
DA:57,0
DA:58,0
DA:61,0
DA:62,0
DA:67,0
DA:68,0
DA:70,0
DA:72,0
DA:74,0
DA:77,0
DA:78,0
DA:79,0
DA:80,0
DA:82,0
DA:86,0
DA:87,0
DA:88,0
DA:89,0
DA:92,0
DA:93,0
DA:94,0
DA:96,0
DA:98,0
DA:104,1
DA:109,3
DA:126,2
DA:127,0
DA:128,2
DA:129,0
DA:130,0
DA:131,0
DA:132,0
DA:133,0
DA:134,0
DA:135,0
DA:136,0
DA:138,1
DA:139,1
DA:142,1
DA:143,1
DA:144,1
DA:147,1
DA:148,2
DA:149,1
DA:150,1
DA:151,1
DA:153,1
DA:154,3
DA:156,2
DA:157,2
DA:158,1
DA:159,2
DA:161,2
DA:163,2
DA:166,3
DA:167,2
DA:168,1
DA:169,1
DA:171,0
DA:174,0
DA:176,2
DA:177,1
DA:178,1
DA:183,0
DA:184,0
DA:185,0
DA:186,0
DA:187,0
DA:188,0
DA:192,0
DA:193,0
DA:196,0
DA:197,0
DA:198,0
DA:201,0
DA:202,0
DA:203,0
DA:204,0
DA:207,0
DA:208,0
DA:211,0
DA:213,0
DA:214,0
DA:215,0
DA:216,0
DA:217,0
DA:219,0
DA:222,0
DA:223,0
DA:224,0
DA:225,0
DA:226,0
DA:228,0
DA:231,0
DA:232,0
DA:233,0
DA:234,0
DA:235,0
DA:236,0
DA:237,0
DA:238,0
DA:239,0
DA:240,0
DA:241,0
DA:244,0
DA:247,0
DA:248,0
DA:249,0
DA:250,0
DA:251,0
DA:252,0
DA:253,0
DA:254,0
DA:255,0
DA:256,0
DA:257,0
DA:260,0
DA:263,0
DA:264,0
DA:265,0
DA:266,0
DA:267,0
DA:268,0
DA:271,0
DA:272,0
DA:275,0
DA:276,0
DA:277,0
DA:278,0
DA:281,0
DA:282,0
DA:285,0
DA:286,0
DA:287,0
DA:288,0
DA:289,0
DA:290,0
DA:291,0
DA:292,0
DA:298,0
DA:300,0
DA:303,0
DA:304,0
DA:305,0
DA:312,0
DA:313,0
DA:314,0
DA:315,0
DA:318,0
DA:323,0
DA:324,0
DA:325,0
DA:329,0
DA:331,0
DA:332,0
DA:333,0
DA:336,0
DA:337,0
DA:338,0
DA:339,0
DA:341,0
DA:343,0
DA:344,0
DA:347,0
DA:348,0
DA:349,0
DA:352,0
DA:353,0
DA:354,0
DA:357,0
DA:358,0
DA:359,0
DA:360,0
DA:361,0
DA:365,1
DA:366,1
DA:367,2
DA:368,2
DA:369,1
DA:370,3
DA:371,0
DA:372,0
DA:373,0
DA:376,0
DA:381,1
DA:382,1
DA:383,1
DA:386,1
DA:388,1
DA:389,3
DA:390,1
DA:395,1
DA:405,2
DA:406,0
DA:407,0
DA:409,0
DA:410,0
DA:414,0
DA:415,0
DA:422,1
DA:426,2
DA:427,0
DA:431,0
DA:434,2
DA:435,3
DA:436,0
DA:440,1
DA:445,1
DA:446,1
DA:447,0
DA:450,1
DA:451,0
DA:454,1
DA:455,2
DA:456,1
DA:460,1
DA:465,1
DA:466,4
DA:467,3
DA:468,1
DA:472,1
DA:473,3
DA:474,2
DA:479,1
DA:483,0
DA:484,0
DA:485,0
DA:486,0
DA:487,0
DA:491,0
DA:492,0
DA:493,0
DA:496,0
DA:497,0
DA:500,0
DA:501,0
DA:504,0
DA:505,0
DA:508,0
DA:509,0
DA:510,0
DA:513,0
DA:514,0
DA:515,0
DA:516,0
DA:522,1
DA:534,0
DA:535,0
DA:536,0
DA:537,0
DA:539,1
DA:540,2
DA:543,1
DA:544,2
DA:545,1
DA:546,1
DA:547,0
DA:548,0
DA:551,1
DA:554,1
DA:555,1
DA:556,1
DA:557,0
DA:558,0
DA:559,0
DA:560,0
DA:564,2
DA:565,1
DA:566,1
DA:567,1
DA:569,2
DA:570,2
DA:573,1
DA:575,0
DA:578,0
DA:580,2
DA:581,1
DA:582,1
DA:597,0
DA:618,0
DA:630,1
DA:641,0
DA:642,0
DA:643,0
DA:644,0
DA:645,0
DA:646,0
DA:648,0
DA:650,0
DA:651,0
DA:656,0
DA:657,0
DA:659,0
DA:660,0
DA:662,0
DA:663,0
DA:665,0
DA:669,0
DA:670,0
DA:671,0
DA:672,0
DA:673,0
DA:674,0
DA:675,0
DA:676,0
DA:677,0
DA:682,0
DA:683,0
DA:685,0
DA:686,0
DA:687,0
DA:688,0
DA:690,0
DA:693,0
DA:694,0
DA:695,0
DA:696,0
DA:697,0
DA:702,0
DA:707,0
DA:708,0
DA:709,0
DA:710,0
DA:711,0
DA:712,0
DA:715,0
DA:721,0
DA:722,0
DA:723,0
DA:724,0
DA:725,0
DA:726,0
DA:729,0
DA:734,0
DA:735,0
DA:736,0
DA:738,0
DA:739,0
DA:740,0
DA:741,0
DA:742,0
DA:744,0
DA:745,0
DA:746,0
DA:750,0
DA:755,0
DA:756,0
DA:757,0
DA:758,0
DA:759,0
DA:760,0
DA:761,0
DA:763,0
DA:764,0
DA:766,0
DA:768,0
DA:770,0
DA:771,0
DA:772,0
DA:773,0
DA:776,0
DA:782,0
DA:783,0
DA:784,0
DA:785,0
DA:786,0
DA:787,0
DA:789,0
DA:791,0
DA:793,0
DA:794,0
DA:795,0
DA:796,0
DA:799,0
DA:804,0
DA:805,0
DA:808,0
DA:809,0
DA:810,0
DA:811,0
DA:812,0
DA:813,0
DA:814,0
DA:817,0
DA:818,0
DA:819,0
DA:820,0
DA:821,0
DA:824,0
DA:825,0
DA:826,0
DA:827,0
DA:828,0
DA:831,0
DA:832,0
DA:836,0
DA:837,0
DA:838,0
DA:841,0
DA:842,0
DA:845,0
DA:846,0
DA:847,0
DA:848,0
DA:850,0
DA:851,0
DA:853,0
DA:854,0
DA:855,0
DA:856,0
DA:858,0
DA:859,0
DA:860,0
DA:861,0
DA:864,0
DA:865,0
DA:866,0
DA:868,0
DA:869,0
DA:870,0
DA:871,0
DA:872,0
DA:878,0
DA:879,0
DA:880,0
DA:881,0
DA:884,0
DA:885,0
DA:886,0
DA:887,0
DA:889,0
DA:892,0
DA:895,0
DA:898,0
DA:904,0
DA:908,0
DA:909,0
DA:912,0
DA:915,0
DA:916,0
DA:919,0
DA:920,0
DA:923,0
DA:927,0
DA:928,0
DA:931,0
DA:932,0
DA:933,0
DA:936,0
DA:937,0
DA:938,0
DA:939,0
DA:940,0
DA:941,0
DA:944,0
DA:949,0
DA:955,0
DA:956,0
DA:960,0
DA:961,0
DA:962,0
DA:966,0
DA:967,0
DA:968,0
DA:971,0
DA:972,0
DA:974,0
DA:975,0
DA:977,0
DA:979,0
DA:980,0
DA:981,0
DA:982,0
DA:984,0
DA:986,0
DA:987,0
DA:989,0
DA:991,0
DA:992,0
DA:993,0
DA:994,0
DA:995,0
DA:996,0
DA:997,0
DA:998,0
DA:999,0
DA:1001,0
DA:1002,0
DA:1003,0
DA:1007,0
DA:1008,0
DA:1012,0
DA:1013,0
DA:1014,0
DA:1017,0
DA:1018,0
DA:1020,0
DA:1021,0
DA:1022,0
DA:1024,0
DA:1025,0
DA:1026,0
DA:1027,0
DA:1028,0
DA:1029,0
DA:1030,0
DA:1031,0
DA:1033,0
DA:1034,0
DA:1035,0
DA:1039,0
DA:1041,0
DA:1042,0
DA:1043,0
DA:1045,0
DA:1046,0
DA:1048,0
DA:1052,0
DA:1054,1
DA:1056,2
DA:1057,0
DA:1058,0
DA:1060,2
DA:1061,0
DA:1062,0
DA:1064,1
DA:1067,0
DA:1068,0
DA:1069,0
DA:1070,0
DA:1071,0
DA:1072,0
DA:1074,0
DA:1077,0
DA:1080,0
DA:1081,0
DA:1082,0
DA:1083,0
DA:1084,0
DA:1085,0
DA:1087,0
DA:1090,0
DA:1093,0
DA:1094,0
DA:1097,0
DA:1098,0
DA:1101,0
DA:1102,0
DA:1103,0
DA:1105,0
DA:1106,0
DA:1109,0
DA:1116,0
DA:1117,0
DA:1118,0
DA:1119,0
DA:1120,0
DA:1121,0
DA:1126,0
DA:1130,1
DA:1134,2
DA:1135,2
DA:1137,1
DA:1139,2
DA:1140,1
DA:1142,2
DA:1144,1
DA:1146,2
DA:1150,3
DA:1151,3
DA:1152,3
DA:1153,3
DA:1154,3
DA:1157,0
DA:1160,0
DA:1162,0
DA:1174,0
DA:1175,0
DA:1176,0
DA:1177,0
DA:1178,0
DA:1179,0
DA:1180,0
DA:1181,0
DA:1182,0
DA:1183,0
DA:1184,0
DA:1185,0
DA:1186,0
DA:1187,0
DA:1188,0
DA:1189,0
DA:1191,0
DA:1193,1
DA:1194,1
DA:1197,2
DA:1198,2
DA:1199,2
DA:1200,2
DA:1201,2
DA:1203,4
DA:1204,1
DA:1205,1
DA:1208,0
DA:1209,0
DA:1210,0
DA:1211,0
DA:1214,0
DA:1215,0
DA:1218,0
DA:1219,0
DA:1222,0
DA:1223,0
DA:1226,0
DA:1228,0
DA:1230,0
DA:1232,0
DA:1234,0
DA:1235,0
DA:1238,0
DA:1240,0
DA:1242,0
DA:1243,0
DA:1244,0
DA:1247,0
DA:1248,0
DA:1249,0
DA:1252,0
DA:1253,0
DA:1256,0
DA:1257,0
DA:1260,0
DA:1262,0
DA:1264,0
DA:1269,0
DA:1272,0
DA:1278,0
DA:1281,0
DA:1286,0
DA:1289,0
DA:1290,0
DA:1293,0
DA:1298,0
DA:1301,0
DA:1307,0
DA:1310,0
DA:1315,0
DA:1318,0
DA:1319,0
DA:1322,0
DA:1323,0
DA:1327,0
DA:1328,0
DA:1331,0
DA:1333,0
DA:1337,0
DA:1338,0
DA:1341,0
DA:1342,0
DA:1343,0
DA:1346,0
DA:1350,0
DA:1351,0
DA:1354,0
DA:1355,0
DA:1356,0
DA:1359,0
DA:1364,0
DA:1369,0
DA:1370,0
DA:1371,0
DA:1374,0
DA:1375,0
DA:1376,0
DA:1379,0
DA:1380,0
DA:1381,0
DA:1385,0
DA:1388,0
DA:1389,0
DA:1393,0
DA:1396,0
DA:1397,0
DA:1398,0
DA:1399,0
DA:1403,0
DA:1404,0
DA:1405,0
DA:1406,0
DA:1410,0
DA:1412,0
DA:1416,0
DA:1419,0
DA:1420,0
DA:1424,0
DA:1426,0
DA:1427,0
DA:1430,0
DA:1433,0
DA:1434,0
DA:1441,0
DA:1443,0
DA:1444,0
DA:1447,0
DA:1450,0
DA:1451,0
DA:1458,0
DA:1460,0
DA:1461,0
DA:1464,0
DA:1467,0
DA:1468,0
DA:1475,0
DA:1477,0
DA:1478,0
DA:1479,0
DA:1483,0
DA:1484,0
DA:1485,0
DA:1487,0
DA:1488,0
DA:1493,0
DA:1495,0
DA:1496,0
DA:1497,0
DA:1499,0
DA:1500,0
DA:1505,1
DA:1506,2
DA:1507,2
DA:1508,2
DA:1510,1
DA:1513,1
DA:1514,5
DA:1515,1
DA:1518,1
DA:1519,1
DA:1522,1
DA:1524,3
DA:1525,3
DA:1526,3
DA:1527,3
DA:1528,3
DA:1529,2
DA:1530,2
DA:1531,2
DA:1532,2
DA:1533,2
DA:1534,1
DA:1538,0
DA:1539,0
DA:1540,0
DA:1547,0
DA:1549,0
DA:1550,0
DA:1551,0
DA:1552,0
LF:779
LH:148
end_of_record
SF:lib/src/features/catalog/client/catalog_client.dart
DA:10,0
DA:14,0
DA:15,0
DA:16,0
DA:24,1
DA:27,1
DA:32,0
DA:33,0
DA:37,0
DA:40,0
DA:44,0
DA:47,0
DA:48,0
DA:49,0
DA:52,0
DA:53,0
DA:56,0
DA:59,0
DA:60,0
DA:64,0
DA:67,0
DA:70,0
DA:73,0
DA:77,0
DA:78,0
DA:82,0
DA:83,0
DA:84,0
DA:87,0
DA:93,0
DA:96,0
DA:97,0
DA:98,0
DA:99,0
DA:100,0
DA:103,0
DA:106,0
DA:111,0
DA:114,0
DA:120,0
DA:123,0
DA:127,0
DA:130,0
DA:135,0
DA:138,0
DA:142,0
DA:145,0
DA:150,0
DA:153,0
DA:157,0
DA:160,0
DA:167,0
DA:170,0
DA:173,0
DA:174,0
DA:177,0
DA:180,0
DA:184,0
DA:187,0
DA:192,0
DA:195,0
DA:198,0
DA:201,0
DA:208,0
DA:212,0
DA:215,0
DA:216,0
DA:217,0
DA:223,0
DA:226,0
DA:229,0
DA:236,0
DA:239,0
DA:242,0
DA:248,0
DA:251,0
DA:254,0
DA:260,0
DA:266,0
DA:268,0
DA:272,0
DA:273,0
DA:274,0
DA:275,0
DA:277,0
DA:278,0
DA:280,0
DA:281,0
DA:283,0
DA:284,0
DA:287,0
DA:290,0
DA:291,0
DA:292,0
DA:293,0
DA:294,0
DA:299,1
DA:300,2
DA:309,0
DA:313,0
DA:314,0
LF:101
LH:4
end_of_record
SF:lib/src/features/catalog/presentation/screens/catalog_flutter_app.dart
DA:29,0
DA:40,0
DA:41,0
DA:50,0
DA:52,0
DA:53,0
DA:56,0
DA:58,0
DA:59,0
DA:60,0
DA:62,0
DA:65,0
DA:66,0
DA:71,0
DA:77,0
DA:80,0
DA:84,0
DA:85,0
DA:89,0
DA:91,0
DA:92,0
DA:93,0
DA:95,0
DA:97,0
DA:98,0
DA:99,0
DA:100,0
DA:101,0
DA:105,0
DA:106,0
DA:107,0
DA:108,0
DA:111,0
DA:114,0
DA:115,0
DA:116,0
DA:117,0
DA:122,0
DA:124,0
DA:125,0
DA:126,0
DA:127,0
DA:135,0
DA:136,0
DA:137,0
DA:138,0
DA:139,0
DA:141,0
DA:148,0
DA:149,0
DA:150,0
DA:155,0
DA:156,0
DA:159,0
DA:160,0
DA:161,0
DA:163,0
DA:164,0
DA:165,0
DA:166,0
DA:167,0
DA:168,0
DA:170,0
DA:172,0
DA:181,1
DA:190,1
DA:191,1
DA:195,1
DA:197,1
DA:198,2
DA:199,2
DA:200,2
DA:202,1
DA:203,2
DA:204,2
DA:205,1
DA:207,2
DA:215,2
DA:216,1
DA:217,1
DA:218,1
DA:219,2
DA:228,1
DA:229,1
DA:231,1
DA:235,1
DA:236,2
DA:237,3
DA:239,1
DA:241,3
DA:243,1
DA:245,3
DA:247,1
DA:249,3
DA:251,1
DA:253,3
DA:256,3
DA:257,3
DA:258,3
DA:259,3
DA:264,1
DA:269,1
DA:271,1
DA:275,3
DA:277,1
DA:279,3
DA:281,1
DA:282,1
DA:284,1
DA:285,1
DA:286,3
DA:288,1
DA:289,1
DA:290,2
DA:293,1
DA:294,2
DA:298,1
DA:299,1
DA:300,1
DA:301,2
DA:305,1
DA:306,2
DA:308,1
DA:309,1
DA:310,1
DA:311,3
DA:318,1
DA:319,1
DA:320,1
DA:322,3
DA:324,1
DA:325,2
DA:329,1
DA:330,1
DA:332,1
DA:333,1
DA:336,1
DA:339,1
DA:340,1
DA:341,2
DA:342,3
DA:343,1
DA:344,1
DA:347,1
DA:350,1
DA:351,1
DA:352,1
DA:353,1
DA:355,1
DA:356,1
DA:359,1
DA:360,2
DA:374,1
DA:382,1
DA:383,1
DA:390,0
DA:391,0
DA:394,0
DA:395,0
DA:399,0
DA:400,0
DA:403,0
DA:405,0
DA:406,0
DA:408,0
DA:409,0
DA:412,0
DA:413,0
DA:418,1
DA:420,1
DA:422,0
DA:423,0
DA:424,0
DA:426,0
DA:430,0
DA:431,0
DA:433,0
DA:434,0
DA:435,0
DA:436,0
DA:437,0
DA:439,0
DA:441,0
DA:442,0
DA:444,0
DA:445,0
DA:449,0
DA:450,0
DA:451,0
DA:453,0
DA:454,0
DA:456,0
DA:460,0
DA:461,0
DA:462,0
DA:465,0
DA:466,0
DA:467,0
DA:468,0
DA:470,0
DA:471,0
DA:472,0
DA:481,0
DA:482,0
DA:486,0
DA:487,0
DA:489,0
DA:491,0
DA:492,0
DA:493,0
DA:494,0
DA:496,0
DA:497,0
DA:498,0
DA:500,0
DA:501,0
DA:508,0
DA:526,0
DA:530,0
DA:532,0
DA:533,0
DA:534,0
DA:536,0
DA:537,0
DA:538,0
DA:539,0
DA:540,0
DA:545,0
DA:547,0
DA:548,0
DA:560,0
DA:564,0
DA:566,0
DA:567,0
DA:569,0
DA:570,0
DA:571,0
DA:574,0
DA:575,0
LF:239
LH:93
end_of_record
SF:lib/src/features/catalog/l10n/catalog_dictionary.dart
DA:11,0
DA:15,0
DA:18,0
DA:19,0
DA:20,0
DA:21,0
DA:22,0
DA:23,0
DA:24,0
DA:25,0
DA:26,0
DA:27,0
DA:28,0
DA:29,0
DA:30,0
DA:31,0
DA:32,0
DA:33,0
DA:34,0
DA:35,0
DA:36,0
DA:37,0
DA:38,0
DA:39,0
DA:40,0
DA:41,0
DA:42,0
DA:43,0
DA:44,0
DA:45,0
DA:46,0
DA:47,0
DA:48,0
DA:49,0
DA:50,0
DA:51,0
DA:52,0
DA:53,0
DA:54,0
DA:55,0
DA:56,0
DA:57,0
DA:58,0
DA:59,0
DA:60,0
DA:61,0
DA:62,0
DA:63,0
DA:64,0
DA:65,0
DA:66,0
DA:67,0
DA:68,0
DA:69,0
DA:70,0
DA:71,0
DA:72,0
DA:73,0
DA:74,0
DA:75,0
DA:76,0
DA:77,0
DA:78,0
DA:79,0
DA:80,0
DA:81,0
DA:82,0
DA:83,0
DA:84,0
DA:85,0
DA:86,0
DA:87,0
DA:88,0
DA:89,0
DA:90,0
DA:91,0
DA:92,0
DA:93,0
DA:94,0
DA:95,0
DA:96,0
DA:97,0
DA:98,0
DA:99,0
DA:100,0
DA:101,0
DA:102,0
DA:103,0
DA:104,0
DA:105,0
DA:106,0
DA:107,0
DA:108,0
DA:109,0
DA:110,0
DA:111,0
DA:112,0
DA:113,0
DA:114,0
DA:115,0
DA:116,0
DA:117,0
DA:118,0
DA:119,0
DA:120,0
DA:121,0
DA:122,0
DA:123,0
DA:124,0
DA:125,0
DA:126,0
DA:127,0
DA:128,0
DA:129,0
DA:130,0
DA:131,0
DA:132,0
DA:133,0
DA:134,0
DA:135,0
DA:136,0
DA:137,0
DA:138,0
DA:139,0
DA:140,0
DA:141,0
DA:144,0
DA:145,0
DA:148,0
DA:149,0
DA:152,0
DA:153,0
DA:156,0
DA:157,0
LF:134
LH:0
end_of_record
SF:lib/src/features/catalog/l10n/catalog_localizations.dart
DA:16,0
DA:21,1
DA:22,1
DA:24,0
DA:31,1
DA:32,1
DA:33,1
DA:40,0
DA:44,0
DA:45,0
DA:46,0
DA:47,0
DA:48,0
DA:49,0
DA:50,0
DA:51,0
DA:52,0
DA:53,0
DA:54,0
DA:55,0
DA:56,0
DA:57,0
DA:58,0
DA:59,0
DA:60,0
DA:61,0
DA:62,0
DA:63,0
DA:64,0
DA:65,0
DA:66,0
DA:67,0
DA:68,0
DA:69,0
DA:70,0
DA:71,0
DA:72,0
DA:73,0
DA:74,0
DA:75,0
DA:76,0
DA:77,0
DA:78,0
DA:79,0
DA:80,0
DA:81,0
DA:82,0
DA:83,0
DA:84,0
DA:85,0
DA:86,0
DA:87,0
DA:88,0
DA:89,0
DA:90,0
DA:91,0
DA:92,0
DA:93,0
DA:94,0
DA:95,0
DA:96,0
DA:97,0
DA:98,0
DA:99,0
DA:100,0
DA:101,0
DA:102,0
DA:103,0
DA:104,0
DA:105,0
DA:106,0
DA:107,0
DA:108,0
DA:109,0
DA:110,0
DA:111,0
DA:112,0
DA:113,0
DA:114,0
DA:115,0
DA:116,0
DA:117,0
DA:118,0
DA:119,0
DA:120,0
DA:121,0
DA:122,0
DA:123,0
DA:124,0
DA:125,0
DA:126,0
DA:127,0
DA:128,0
DA:129,0
DA:130,0
DA:131,0
DA:132,0
DA:133,0
DA:134,0
DA:135,0
DA:136,0
DA:137,0
DA:138,0
DA:139,0
DA:140,0
DA:141,0
DA:142,0
DA:143,0
DA:144,0
DA:145,0
DA:146,0
DA:147,0
DA:148,0
DA:149,0
DA:150,0
DA:151,0
DA:152,0
DA:153,0
DA:154,0
DA:155,0
DA:156,0
DA:157,0
DA:158,0
DA:159,0
DA:160,0
DA:161,0
DA:162,0
DA:163,0
DA:164,0
DA:165,0
DA:166,0
DA:167,0
DA:170,0
DA:171,0
DA:172,0
DA:173,0
LF:136
LH:5
end_of_record
SF:lib/src/features/catalog/presentation/controllers/catalog_ui_logic.dart
DA:37,0
DA:41,0
DA:44,0
DA:45,0
DA:48,0
DA:49,0
DA:52,0
DA:53,0
DA:56,0
DA:57,0
DA:60,0
DA:61,0
DA:64,0
DA:65,0
DA:66,0
DA:67,0
DA:68,0
DA:71,0
DA:72,0
DA:75,0
DA:76,0
DA:77,0
DA:78,0
DA:79,0
DA:82,0
DA:83,0
DA:86,0
DA:87,0
DA:91,0
DA:92,0
DA:97,0
DA:102,0
DA:103,0
DA:104,0
DA:105,0
DA:106,0
DA:107,0
DA:117,0
DA:125,0
DA:126,0
DA:127,0
DA:130,0
DA:135,0
DA:136,0
DA:139,0
DA:140,0
DA:141,0
DA:142,0
DA:145,0
DA:146,0
DA:147,0
DA:148,0
DA:151,0
DA:152,0
DA:153,0
DA:154,0
DA:155,0
DA:156,0
DA:158,0
DA:161,0
DA:162,0
DA:163,0
DA:166,0
DA:170,0
DA:172,0
DA:173,0
DA:174,0
DA:176,0
DA:181,0
DA:182,0
DA:183,0
DA:187,0
DA:188,0
DA:189,0
DA:195,0
DA:196,0
DA:200,0
DA:201,0
DA:204,0
DA:209,0
DA:210,0
DA:214,0
DA:216,0
DA:217,0
DA:218,0
DA:219,0
DA:223,0
DA:224,0
DA:227,0
DA:231,0
DA:236,0
DA:238,0
DA:239,0
DA:240,0
DA:241,0
DA:242,0
DA:243,0
DA:244,0
DA:245,0
DA:246,0
DA:247,0
DA:248,0
DA:255,0
DA:256,0
LF:104
LH:0
end_of_record
SF:lib/src/features/catalog/presentation/screens/catalog_editor_widgets.dart
DA:13,0
DA:26,0
DA:28,0
DA:30,0
DA:31,0
DA:32,0
DA:34,0
DA:35,0
DA:36,0
DA:37,0
DA:38,0
DA:39,0
DA:40,0
DA:42,0
DA:44,0
DA:47,0
DA:48,0
DA:50,0
DA:51,0
DA:52,0
DA:53,0
DA:55,0
DA:56,0
DA:57,0
DA:58,0
DA:59,0
DA:60,0
DA:61,0
DA:62,0
DA:63,0
DA:64,0
DA:67,0
DA:72,0
DA:73,0
DA:74,0
DA:75,0
DA:76,0
DA:81,0
DA:82,0
DA:83,0
DA:84,0
DA:85,0
DA:89,0
DA:90,0
DA:91,0
DA:92,0
DA:93,0
DA:94,0
DA:96,0
DA:98,0
DA:101,0
DA:102,0
DA:104,0
DA:105,0
DA:106,0
DA:107,0
DA:109,0
DA:110,0
DA:111,0
DA:112,0
DA:113,0
DA:114,0
DA:115,0
DA:116,0
DA:117,0
DA:118,0
DA:121,0
DA:126,0
DA:127,0
DA:128,0
DA:129,0
DA:130,0
DA:134,0
DA:135,0
DA:136,0
DA:137,0
DA:138,0
DA:142,0
DA:144,0
DA:145,0
DA:146,0
DA:147,0
DA:148,0
DA:149,0
DA:150,0
DA:151,0
DA:152,0
DA:153,0
DA:155,0
DA:156,0
DA:158,0
DA:160,0
DA:161,0
DA:162,0
DA:163,0
DA:164,0
DA:166,0
DA:169,0
DA:170,0
DA:173,0
DA:174,0
DA:175,0
DA:176,0
DA:182,0
DA:183,0
DA:185,0
DA:187,0
DA:188,0
DA:189,0
DA:193,0
DA:195,0
DA:196,0
DA:197,0
DA:198,0
DA:200,0
DA:201,0
DA:203,0
DA:205,0
DA:206,0
DA:207,0
DA:208,0
DA:209,0
DA:210,0
DA:211,0
DA:212,0
DA:213,0
DA:215,0
DA:216,0
DA:217,0
DA:218,0
DA:219,0
DA:220,0
DA:223,0
DA:228,0
DA:229,0
DA:230,0
DA:231,0
DA:233,0
DA:234,0
DA:235,0
DA:247,0
DA:248,0
DA:249,0
DA:250,0
DA:251,0
DA:255,0
DA:256,0
DA:257,0
DA:258,0
DA:259,0
DA:263,0
DA:264,0
DA:265,0
DA:266,0
DA:267,0
DA:268,0
DA:269,0
DA:270,0
DA:275,0
DA:276,0
DA:277,0
DA:278,0
DA:279,0
DA:280,0
DA:282,0
DA:283,0
DA:284,0
DA:285,0
DA:286,0
DA:287,0
DA:288,0
DA:289,0
DA:290,0
DA:293,0
DA:296,0
DA:297,0
DA:298,0
DA:299,0
DA:300,0
DA:313,0
DA:328,0
DA:330,0
DA:331,0
DA:332,0
DA:333,0
DA:334,0
DA:335,0
DA:336,0
DA:338,0
DA:339,0
DA:340,0
DA:341,0
DA:342,0
DA:346,0
DA:347,0
DA:348,0
DA:350,0
DA:351,0
DA:352,0
DA:355,0
DA:370,0
DA:381,0
DA:383,0
DA:384,0
DA:386,0
DA:387,0
DA:388,0
DA:399,0
DA:416,0
DA:418,0
DA:419,0
DA:420,0
DA:422,0
DA:424,0
DA:425,0
DA:426,0
DA:427,0
DA:429,0
DA:431,0
DA:432,0
DA:436,0
DA:441,0
DA:443,0
DA:444,0
DA:445,0
DA:446,0
DA:447,0
DA:451,0
DA:452,0
DA:453,0
DA:467,0
DA:476,0
DA:478,0
DA:479,0
DA:482,0
DA:485,0
DA:486,0
DA:487,0
DA:489,0
DA:491,0
DA:500,0
DA:501,0
DA:502,0
DA:503,0
DA:506,0
DA:507,0
DA:508,0
DA:509,0
DA:517,0
DA:536,0
DA:537,0
DA:545,0
DA:547,0
DA:548,0
DA:549,0
DA:550,0
DA:551,0
DA:556,0
DA:558,0
DA:559,0
DA:560,0
DA:564,0
DA:566,0
DA:567,0
DA:568,0
DA:571,0
DA:572,0
DA:573,0
DA:574,0
DA:578,0
DA:579,0
DA:580,0
DA:581,0
DA:582,0
DA:583,0
DA:584,0
DA:587,0
DA:589,0
DA:591,0
DA:593,0
DA:594,0
DA:597,0
DA:599,0
DA:600,0
DA:603,0
DA:605,0
DA:606,0
DA:607,0
DA:608,0
DA:609,0
DA:611,0
DA:612,0
DA:613,0
DA:614,0
DA:619,0
DA:621,0
DA:623,0
DA:624,0
DA:626,0
DA:628,0
DA:629,0
DA:630,0
DA:631,0
DA:632,0
DA:636,0
DA:637,0
DA:638,0
DA:639,0
DA:642,0
DA:643,0
DA:644,0
DA:646,0
DA:648,0
DA:649,0
DA:650,0
DA:651,0
DA:653,0
DA:654,0
DA:655,0
DA:656,0
DA:658,0
DA:659,0
DA:660,0
DA:662,0
DA:663,0
DA:664,0
DA:665,0
DA:678,0
DA:680,0
DA:683,0
DA:684,0
DA:687,0
DA:688,0
DA:691,0
DA:693,0
DA:695,0
DA:696,0
DA:700,0
DA:701,0
DA:703,0
DA:704,0
DA:707,0
DA:710,0
DA:712,0
DA:713,0
DA:714,0
DA:715,0
DA:719,0
DA:725,0
DA:726,0
DA:727,0
DA:730,0
DA:731,0
DA:742,0
DA:743,0
LF:355
LH:0
end_of_record
SF:lib/src/features/catalog/presentation/screens/catalog_error_dialogs.dart
DA:5,0
DA:22,0
DA:28,0
DA:30,0
DA:38,0
DA:40,0
DA:41,0
DA:42,0
DA:44,0
DA:45,0
DA:47,0
DA:50,0
DA:51,0
DA:53,0
DA:54,0
DA:55,0
DA:56,0
DA:62,0
DA:63,0
DA:64,0
DA:65,0
DA:66,0
DA:72,0
DA:77,0
DA:78,0
DA:82,0
DA:83,0
DA:84,0
DA:86,0
DA:88,0
DA:92,0
DA:97,0
DA:98,0
DA:107,0
DA:108,0
DA:109,0
DA:110,0
DA:111,0
DA:121,0
DA:125,0
DA:127,0
DA:133,0
DA:134,0
DA:135,0
DA:136,0
DA:137,0
DA:140,0
DA:149,0
DA:150,0
DA:151,0
DA:152,0
DA:153,0
DA:156,0
DA:159,0
DA:161,0
DA:164,0
DA:165,0
LF:57
LH:0
end_of_record
SF:lib/src/features/catalog/presentation/screens/catalog_inspector_widgets.dart
DA:20,0
DA:22,0
DA:23,0
DA:24,0
DA:25,0
DA:26,0
DA:30,0
DA:35,0
DA:39,0
DA:40,0
DA:43,0
DA:44,0
DA:45,0
DA:46,0
DA:47,0
DA:50,0
DA:53,0
DA:59,0
DA:63,0
DA:64,0
DA:65,0
DA:68,0
DA:69,0
DA:70,0
DA:74,0
DA:77,0
DA:78,0
DA:83,0
DA:88,0
DA:89,0
DA:90,0
DA:94,0
DA:95,0
DA:96,0
DA:97,0
DA:98,0
DA:99,0
DA:100,0
DA:101,0
DA:102,0
DA:104,0
DA:107,0
DA:110,0
DA:112,0
DA:113,0
DA:114,0
DA:115,0
DA:116,0
DA:117,0
DA:127,0
DA:142,0
DA:144,0
DA:145,0
DA:147,0
DA:148,0
DA:149,0
DA:150,0
DA:151,0
DA:152,0
DA:153,0
DA:154,0
DA:157,0
DA:158,0
DA:159,0
DA:160,0
DA:161,0
DA:164,0
DA:165,0
DA:166,0
DA:178,0
DA:193,0
DA:195,0
DA:196,0
DA:197,0
DA:199,0
DA:200,0
DA:201,0
DA:203,0
DA:204,0
DA:205,0
DA:208,0
DA:209,0
DA:210,0
DA:211,0
DA:213,0
DA:214,0
DA:215,0
DA:219,0
DA:221,0
DA:222,0
DA:223,0
DA:224,0
DA:227,0
DA:228,0
DA:229,0
DA:230,0
DA:234,0
DA:237,0
DA:238,0
DA:239,0
DA:241,0
DA:243,0
DA:245,0
DA:247,0
DA:248,0
DA:250,0
DA:252,0
DA:254,0
DA:259,0
DA:260,0
DA:266,0
DA:267,0
DA:269,0
DA:271,0
DA:272,0
DA:273,0
DA:274,0
DA:279,0
DA:282,0
DA:283,0
DA:284,0
DA:285,0
DA:287,0
DA:288,0
DA:292,0
DA:294,0
DA:295,0
DA:297,0
DA:299,0
DA:301,0
DA:302,0
DA:304,0
DA:305,0
DA:307,0
DA:309,0
DA:310,0
DA:311,0
DA:312,0
DA:313,0
DA:314,0
DA:315,0
DA:316,0
DA:317,0
DA:320,0
DA:335,0
DA:344,0
DA:346,0
DA:347,0
DA:348,0
DA:349,0
DA:350,0
DA:351,0
DA:352,0
DA:353,0
DA:354,0
DA:357,0
DA:359,0
DA:360,0
DA:361,0
DA:362,0
DA:363,0
DA:364,0
DA:365,0
DA:366,0
DA:367,0
DA:369,0
DA:370,0
DA:372,0
DA:374,0
DA:375,0
DA:376,0
DA:379,0
DA:381,0
DA:382,0
DA:383,0
DA:384,0
DA:399,0
DA:410,0
DA:412,0
DA:413,0
DA:415,0
DA:416,0
DA:417,0
DA:418,0
DA:420,0
DA:421,0
DA:422,0
DA:423,0
DA:425,0
DA:426,0
DA:427,0
DA:429,0
DA:430,0
DA:434,0
DA:437,0
DA:438,0
DA:439,0
DA:441,0
DA:442,0
DA:447,0
DA:448,0
DA:449,0
DA:450,0
DA:452,0
DA:453,0
DA:454,0
DA:455,0
DA:456,0
DA:457,0
DA:461,0
DA:464,0
DA:465,0
DA:467,0
DA:469,0
DA:482,0
DA:495,0
DA:497,0
DA:498,0
DA:500,0
DA:501,0
DA:502,0
DA:503,0
DA:504,0
DA:506,0
DA:507,0
DA:508,0
DA:511,0
DA:515,0
DA:517,0
DA:518,0
DA:519,0
DA:520,0
DA:521,0
DA:523,0
DA:524,0
DA:525,0
DA:529,0
DA:531,0
DA:532,0
DA:535,0
DA:536,0
DA:537,0
DA:538,0
DA:539,0
DA:540,0
DA:542,0
DA:545,0
DA:546,0
DA:547,0
DA:548,0
DA:550,0
DA:552,0
DA:553,0
DA:554,0
DA:557,0
DA:559,0
DA:561,0
DA:562,0
DA:564,0
DA:568,0
DA:570,0
DA:572,0
DA:573,0
DA:575,0
DA:576,0
DA:577,0
DA:578,0
DA:581,0
DA:586,0
DA:587,0
DA:588,0
DA:589,0
DA:591,0
DA:592,0
DA:593,0
DA:594,0
DA:595,0
DA:598,0
DA:600,0
DA:603,0
DA:604,0
DA:605,0
DA:606,0
DA:607,0
DA:609,0
DA:611,0
DA:615,0
DA:618,0
DA:619,0
DA:621,0
DA:624,0
DA:625,0
DA:627,0
DA:643,0
DA:652,0
DA:654,0
DA:655,0
DA:657,0
DA:658,0
DA:660,0
DA:663,0
DA:664,0
DA:665,0
DA:666,0
DA:668,0
DA:670,0
DA:671,0
DA:672,0
DA:673,0
DA:674,0
DA:679,0
DA:680,0
DA:681,0
DA:695,0
DA:702,0
DA:704,0
DA:705,0
DA:707,0
DA:708,0
DA:709,0
DA:711,0
DA:712,0
DA:713,0
DA:714,0
DA:717,0
DA:718,0
DA:719,0
DA:722,0
DA:723,0
DA:724,0
DA:727,0
DA:728,0
DA:729,0
DA:743,0
DA:758,0
DA:759,0
DA:765,0
DA:766,0
DA:769,0
DA:770,0
DA:772,0
DA:775,0
DA:777,0
DA:778,0
DA:779,0
DA:780,0
DA:785,0
DA:787,0
DA:788,0
DA:790,0
DA:792,0
DA:800,0
DA:801,0
DA:802,0
DA:804,0
DA:805,0
DA:806,0
DA:807,0
DA:808,0
DA:810,0
DA:811,0
DA:812,0
DA:813,0
DA:815,0
DA:816,0
DA:818,0
DA:819,0
DA:820,0
DA:821,0
DA:822,0
DA:826,0
DA:828,0
DA:829,0
DA:831,0
DA:832,0
DA:833,0
DA:835,0
DA:836,0
DA:837,0
DA:838,0
DA:839,0
DA:843,0
DA:844,0
DA:845,0
DA:850,0
DA:851,0
DA:852,0
DA:853,0
DA:859,0
DA:860,0
DA:861,0
DA:867,0
DA:869,0
DA:870,0
DA:871,0
DA:873,0
DA:874,0
DA:875,0
DA:876,0
DA:877,0
DA:878,0
DA:881,0
DA:887,0
DA:888,0
DA:892,0
DA:893,0
DA:896,0
DA:897,0
DA:899,0
DA:902,0
DA:903,0
DA:905,0
DA:906,0
DA:907,0
DA:908,0
DA:910,0
DA:912,0
DA:913,0
DA:915,0
DA:916,0
DA:938,0
DA:945,0
DA:947,0
DA:948,0
DA:950,0
DA:952,0
DA:953,0
DA:954,0
DA:955,0
DA:957,0
DA:958,0
DA:960,0
DA:961,0
DA:965,0
DA:966,0
DA:967,0
DA:968,0
DA:969,0
DA:972,0
DA:973,0
DA:974,0
DA:975,0
DA:976,0
DA:979,0
DA:980,0
DA:981,0
DA:984,0
DA:985,0
DA:988,0
DA:991,0
DA:992,0
DA:994,0
DA:995,0
DA:997,0
DA:999,0
DA:1000,0
DA:1009,0
DA:1013,0
DA:1014,0
DA:1025,0
DA:1036,0
DA:1038,0
DA:1039,0
DA:1043,0
DA:1044,0
DA:1046,0
DA:1048,0
DA:1050,0
DA:1052,0
DA:1053,0
DA:1054,0
DA:1056,0
DA:1057,0
DA:1058,0
DA:1059,0
DA:1060,0
DA:1061,0
DA:1062,0
DA:1064,0
DA:1066,0
DA:1070,0
DA:1072,0
DA:1073,0
DA:1075,0
DA:1078,0
DA:1080,0
DA:1081,0
DA:1082,0
DA:1084,0
LF:489
LH:0
end_of_record
SF:lib/src/features/catalog/presentation/screens/catalog_label_helpers.dart
DA:24,1
DA:159,0
DA:172,0
DA:173,0
DA:174,0
DA:175,0
DA:176,0
DA:178,0
DA:179,0
DA:182,0
DA:184,0
DA:186,0
DA:189,0
DA:191,0
DA:192,0
DA:193,0
DA:197,0
DA:199,0
DA:200,0
DA:201,0
DA:205,0
DA:210,0
DA:214,0
DA:215,0
DA:218,0
DA:219,0
DA:220,0
DA:221,0
DA:222,0
DA:225,0
DA:228,0
DA:234,0
DA:238,0
DA:239,0
DA:240,0
DA:243,0
DA:244,0
DA:245,0
DA:246,0
DA:250,0
DA:253,0
DA:254,0
DA:259,0
DA:264,0
DA:265,0
DA:266,0
DA:270,0
DA:271,0
DA:272,0
DA:273,0
DA:274,0
DA:275,0
DA:276,0
DA:277,0
DA:278,0
DA:280,0
DA:283,0
DA:286,0
DA:288,0
DA:289,0
DA:290,0
DA:291,0
DA:292,0
DA:293,0
DA:298,0
DA:300,0
DA:301,0
DA:302,0
DA:303,0
DA:307,0
DA:309,0
DA:310,0
DA:311,0
DA:315,0
DA:317,0
DA:318,0
DA:319,0
DA:320,0
DA:321,0
DA:322,0
DA:323,0
DA:328,0
DA:330,0
DA:331,0
DA:332,0
DA:333,0
DA:334,0
DA:338,0
DA:339,0
DA:340,0
DA:342,0
DA:343,0
DA:345,0
DA:352,0
DA:356,0
DA:357,0
DA:358,0
DA:360,0
DA:361,0
DA:362,0
DA:363,0
DA:364,0
DA:365,0
DA:367,0
DA:369,0
DA:373,0
DA:377,0
DA:379,0
DA:380,0
DA:381,0
DA:382,0
DA:383,0
DA:385,0
DA:386,0
DA:387,0
DA:389,0
DA:392,0
DA:393,0
DA:394,0
DA:395,0
DA:398,0
DA:399,0
DA:400,0
DA:401,0
DA:405,0
DA:406,0
DA:410,0
DA:411,0
DA:415,0
DA:416,0
DA:417,0
DA:418,0
DA:420,0
DA:421,0
DA:422,0
DA:431,0
DA:432,0
DA:436,0
DA:440,0
DA:444,0
DA:445,0
DA:446,0
DA:447,0
DA:448,0
DA:449,0
DA:452,0
DA:457,0
DA:458,0
DA:459,0
DA:462,0
DA:463,0
DA:464,0
DA:466,0
DA:467,0
DA:469,0
DA:470,0
DA:471,0
DA:472,0
DA:473,0
DA:474,0
DA:476,0
DA:477,0
DA:478,0
DA:483,0
DA:488,0
DA:490,0
DA:493,0
DA:495,0
DA:496,0
DA:499,0
DA:501,0
DA:505,0
DA:507,0
DA:508,0
DA:509,0
DA:510,0
DA:511,0
DA:512,0
DA:513,0
DA:514,0
DA:515,0
DA:517,0
DA:520,0
DA:521,0
DA:523,0
DA:525,0
DA:526,0
DA:527,0
DA:531,0
DA:533,0
DA:534,0
DA:535,0
DA:540,0
DA:541,0
DA:542,0
DA:543,0
DA:545,0
DA:546,0
DA:548,0
DA:549,0
DA:550,0
DA:551,0
DA:557,0
DA:559,0
DA:560,0
DA:563,0
DA:565,0
DA:567,0
DA:576,0
DA:577,0
DA:578,0
DA:579,0
DA:581,0
DA:583,0
DA:584,0
DA:585,0
DA:586,0
DA:598,0
DA:604,0
DA:605,0
DA:606,0
DA:607,0
DA:608,0
DA:613,0
DA:614,0
DA:616,0
DA:619,0
DA:620,0
DA:625,0
DA:631,0
DA:632,0
DA:634,0
DA:635,0
DA:636,0
DA:637,0
DA:638,0
DA:640,0
DA:641,0
DA:642,0
DA:643,0
DA:645,0
DA:646,0
DA:647,0
DA:652,0
DA:653,0
DA:657,0
DA:662,0
DA:663,0
DA:665,0
DA:666,0
DA:667,0
DA:668,0
DA:669,0
DA:670,0
DA:672,0
DA:673,0
DA:674,0
DA:679,0
DA:680,0
DA:688,0
DA:692,0
DA:696,0
DA:697,0
DA:699,0
DA:701,0
DA:702,0
DA:703,0
DA:704,0
DA:705,0
DA:706,0
DA:708,0
DA:711,0
DA:712,0
DA:714,0
DA:715,0
DA:719,0
DA:720,0
DA:721,0
DA:726,0
DA:728,0
DA:733,0
DA:734,0
DA:735,0
DA:738,0
DA:739,0
DA:742,0
DA:743,0
DA:744,0
DA:746,0
DA:751,0
DA:752,0
DA:758,0
DA:759,0
DA:760,0
DA:761,0
DA:763,0
DA:764,0
DA:766,0
DA:768,0
DA:769,0
DA:770,0
DA:773,0
DA:774,0
DA:775,0
DA:780,0
DA:790,0
DA:795,0
DA:797,0
DA:799,0
DA:800,0
DA:801,0
DA:802,0
DA:803,0
DA:804,0
DA:806,0
DA:807,0
DA:808,0
DA:810,0
DA:811,0
DA:817,0
DA:819,0
DA:821,0
DA:822,0
DA:823,0
DA:830,0
DA:834,0
DA:838,0
DA:839,0
DA:841,0
DA:843,0
DA:855,0
DA:856,0
DA:857,0
DA:859,0
DA:860,0
DA:861,0
DA:862,0
DA:864,0
DA:867,0
DA:870,0
DA:872,0
DA:874,0
DA:876,0
DA:877,0
DA:878,0
DA:882,0
DA:889,0
DA:890,0
DA:891,0
DA:897,0
DA:902,0
DA:907,0
DA:911,0
DA:915,0
DA:919,0
DA:928,0
DA:929,0
DA:930,0
DA:931,0
DA:933,0
DA:934,0
DA:937,0
DA:938,0
DA:945,0
DA:946,0
DA:947,0
DA:956,0
DA:968,0
DA:984,0
DA:985,0
DA:988,0
DA:990,0
DA:991,0
DA:1006,0
DA:1007,0
DA:1008,0
DA:1012,0
DA:1013,0
DA:1014,0
DA:1015,0
DA:1019,0
DA:1020,0
DA:1021,0
DA:1022,0
DA:1023,0
DA:1027,0
DA:1028,0
DA:1029,0
DA:1031,0
DA:1033,0
DA:1034,0
DA:1046,0
DA:1047,0
DA:1052,0
DA:1053,0
DA:1061,0
DA:1063,0
DA:1066,0
DA:1067,0
DA:1079,0
DA:1080,0
DA:1081,0
DA:1082,0
DA:1089,0
DA:1091,0
DA:1093,0
DA:1094,0
DA:1095,0
DA:1096,0
DA:1097,0
DA:1099,0
DA:1101,0
DA:1102,0
DA:1103,0
DA:1104,0
DA:1105,0
DA:1106,0
DA:1107,0
DA:1108,0
DA:1111,0
DA:1112,0
DA:1113,0
DA:1115,0
DA:1116,0
DA:1117,0
DA:1118,0
DA:1119,0
DA:1125,0
DA:1127,0
DA:1128,0
DA:1129,0
DA:1130,0
DA:1144,0
DA:1154,0
DA:1155,0
DA:1156,0
DA:1157,0
DA:1158,0
DA:1159,0
DA:1160,0
DA:1162,0
DA:1164,0
DA:1165,0
DA:1166,0
DA:1168,0
DA:1169,0
DA:1172,0
DA:1175,0
DA:1177,0
DA:1180,0
DA:1182,0
DA:1183,0
DA:1191,0
DA:1194,0
DA:1196,0
DA:1197,0
DA:1198,0
DA:1199,0
DA:1201,0
DA:1202,0
DA:1204,0
DA:1206,0
DA:1214,0
DA:1215,0
DA:1223,0
DA:1225,0
DA:1226,0
DA:1227,0
DA:1232,0
DA:1233,0
DA:1234,0
DA:1236,0
DA:1237,0
DA:1238,0
DA:1239,0
DA:1245,0
DA:1246,0
DA:1247,0
DA:1248,0
DA:1256,0
DA:1257,0
DA:1258,0
DA:1259,0
DA:1260,0
DA:1261,0
DA:1262,0
DA:1265,0
DA:1266,0
DA:1267,0
DA:1269,0
DA:1270,0
DA:1273,0
DA:1276,0
DA:1278,0
DA:1279,0
DA:1285,0
DA:1287,0
DA:1288,0
DA:1289,0
DA:1290,0
DA:1291,0
DA:1293,0
DA:1298,0
DA:1300,0
DA:1301,0
DA:1303,0
DA:1306,0
DA:1307,0
DA:1308,0
DA:1309,0
DA:1310,0
DA:1312,0
DA:1313,0
DA:1314,0
DA:1315,0
DA:1317,0
DA:1318,0
DA:1319,0
DA:1324,0
DA:1325,0
DA:1326,0
DA:1330,0
DA:1331,0
DA:1332,0
DA:1333,0
DA:1334,0
DA:1335,0
DA:1338,0
DA:1340,0
DA:1345,0
DA:1346,0
DA:1347,0
DA:1349,0
DA:1351,0
DA:1352,0
DA:1361,0
DA:1363,0
DA:1366,0
DA:1367,0
DA:1368,0
DA:1382,0
DA:1389,0
DA:1390,0
DA:1391,0
DA:1392,0
DA:1393,0
DA:1403,0
DA:1411,0
DA:1412,0
DA:1413,0
DA:1417,0
DA:1418,0
DA:1419,0
DA:1420,0
DA:1421,0
DA:1422,0
DA:1428,0
DA:1436,0
DA:1437,0
DA:1438,0
DA:1441,0
DA:1449,0
DA:1457,0
DA:1458,0
DA:1459,0
DA:1460,0
DA:1461,0
DA:1471,0
DA:1479,0
DA:1481,0
DA:1482,0
DA:1483,0
DA:1484,0
DA:1485,0
DA:1486,0
DA:1492,0
DA:1500,0
DA:1501,0
DA:1502,0
DA:1505,0
LF:580
LH:1
end_of_record
SF:lib/src/features/catalog/presentation/screens/catalog_queue_widgets.dart
DA:16,0
DA:18,0
DA:20,0
DA:23,0
DA:25,0
DA:26,0
DA:27,0
DA:31,0
DA:33,0
DA:34,0
DA:35,0
DA:36,0
DA:40,0
DA:42,0
DA:43,0
DA:44,0
DA:48,0
DA:49,0
DA:50,0
DA:52,0
DA:53,0
DA:55,0
DA:58,0
DA:60,0
DA:61,0
DA:62,0
DA:66,0
DA:67,0
DA:68,0
DA:69,0
DA:70,0
DA:72,0
DA:73,0
DA:81,0
DA:103,0
DA:105,0
DA:106,0
DA:107,0
DA:108,0
DA:110,0
DA:112,0
DA:113,0
DA:114,0
DA:117,0
DA:118,0
DA:121,0
DA:122,0
DA:126,0
DA:127,0
DA:128,0
DA:129,0
DA:131,0
DA:132,0
DA:133,0
DA:137,0
DA:139,0
DA:140,0
DA:141,0
DA:143,0
DA:144,0
DA:147,0
DA:148,0
DA:155,0
DA:156,0
DA:157,0
DA:159,0
DA:160,0
DA:161,0
DA:165,0
DA:168,0
DA:169,0
DA:170,0
DA:172,0
DA:173,0
DA:176,0
DA:177,0
DA:186,0
DA:195,0
DA:197,0
DA:198,0
DA:199,0
DA:200,0
DA:201,0
DA:202,0
DA:204,0
DA:207,0
DA:209,0
DA:210,0
DA:212,0
DA:213,0
DA:215,0
DA:216,0
DA:218,0
DA:219,0
DA:222,0
DA:225,0
DA:226,0
DA:228,0
DA:229,0
DA:231,0
DA:232,0
DA:235,0
DA:239,0
DA:240,0
DA:241,0
DA:242,0
DA:243,0
DA:244,0
DA:248,0
DA:250,0
DA:251,0
DA:253,0
DA:255,0
DA:256,0
DA:257,0
DA:258,0
DA:261,0
DA:262,0
DA:263,0
DA:264,0
DA:268,0
DA:270,0
DA:271,0
DA:272,0
DA:273,0
DA:274,0
DA:276,0
DA:278,0
DA:280,0
DA:281,0
DA:282,0
DA:283,0
DA:286,0
DA:287,0
DA:289,0
DA:291,0
DA:296,0
DA:298,0
DA:299,0
DA:300,0
DA:307,0
DA:315,0
DA:322,0
DA:323,0
DA:329,0
DA:331,0
DA:332,0
DA:335,0
DA:341,0
DA:343,0
DA:344,0
DA:348,0
DA:349,0
DA:350,0
DA:351,0
DA:353,0
DA:354,0
DA:355,0
DA:356,0
DA:360,0
DA:361,0
DA:362,0
DA:363,0
DA:364,0
DA:368,0
DA:369,0
DA:372,0
DA:374,0
DA:375,0
DA:376,0
DA:377,0
DA:378,0
DA:379,0
DA:382,0
DA:383,0
DA:384,0
DA:395,0
DA:404,0
DA:406,0
DA:407,0
DA:408,0
DA:409,0
DA:410,0
DA:411,0
DA:412,0
DA:414,0
DA:416,0
DA:418,0
DA:421,0
DA:423,0
DA:424,0
DA:425,0
DA:426,0
DA:427,0
DA:430,0
DA:432,0
DA:435,0
DA:436,0
DA:437,0
DA:438,0
DA:439,0
DA:449,0
DA:456,0
DA:458,0
DA:459,0
DA:462,0
DA:463,0
DA:465,0
DA:466,0
DA:468,0
DA:470,0
DA:471,0
DA:473,0
DA:475,0
DA:476,0
DA:478,0
DA:480,0
DA:481,0
DA:489,0
DA:500,0
DA:502,0
DA:503,0
DA:505,0
DA:506,0
DA:507,0
DA:508,0
DA:509,0
DA:512,0
DA:514,0
DA:515,0
DA:517,0
DA:518,0
DA:519,0
DA:522,0
DA:523,0
DA:524,0
DA:525,0
DA:535,0
DA:544,0
DA:545,0
DA:551,0
DA:553,0
DA:554,0
DA:555,0
DA:556,0
DA:557,0
DA:562,0
DA:564,0
DA:565,0
DA:568,0
DA:570,0
DA:571,0
DA:573,0
DA:574,0
DA:576,0
DA:583,0
DA:596,0
DA:598,0
DA:599,0
DA:600,0
DA:601,0
DA:602,0
DA:603,0
DA:604,0
DA:606,0
DA:607,0
DA:608,0
DA:609,0
DA:610,0
DA:612,0
DA:613,0
DA:614,0
DA:617,0
DA:623,0
DA:624,0
DA:625,0
DA:626,0
DA:629,0
DA:631,0
DA:632,0
DA:633,0
DA:635,0
DA:636,0
DA:637,0
DA:641,0
DA:646,0
DA:648,0
DA:649,0
DA:651,0
DA:653,0
DA:654,0
DA:655,0
DA:656,0
DA:662,0
DA:666,0
DA:667,0
DA:668,0
DA:669,0
DA:670,0
DA:671,0
DA:672,0
DA:684,0
DA:695,0
DA:697,0
DA:698,0
DA:699,0
DA:702,0
DA:704,0
DA:705,0
DA:706,0
DA:708,0
DA:709,0
DA:710,0
DA:711,0
DA:712,0
DA:714,0
DA:715,0
DA:717,0
DA:718,0
DA:719,0
DA:720,0
DA:721,0
DA:724,0
DA:725,0
DA:726,0
DA:727,0
DA:729,0
DA:730,0
DA:731,0
DA:735,0
DA:736,0
DA:738,0
DA:739,0
DA:741,0
DA:742,0
DA:749,0
DA:750,0
DA:752,0
DA:754,0
DA:755,0
DA:756,0
DA:757,0
DA:758,0
DA:759,0
DA:762,0
DA:765,0
DA:766,0
DA:767,0
DA:768,0
DA:771,0
DA:776,0
DA:777,0
DA:778,0
DA:779,0
DA:780,0
DA:782,0
DA:784,0
DA:786,0
DA:791,0
DA:793,0
DA:794,0
DA:795,0
DA:796,0
DA:797,0
DA:802,0
DA:805,0
DA:806,0
DA:807,0
DA:808,0
DA:810,0
DA:812,0
DA:813,0
DA:815,0
DA:816,0
DA:818,0
DA:821,0
DA:822,0
DA:827,0
DA:829,0
DA:830,0
DA:833,0
DA:834,0
DA:835,0
DA:836,0
DA:837,0
DA:840,0
DA:841,0
DA:842,0
DA:843,0
DA:846,0
DA:847,0
DA:848,0
DA:852,0
DA:854,0
DA:855,0
DA:858,0
DA:859,0
DA:863,0
DA:864,0
DA:865,0
DA:866,0
DA:867,0
DA:868,0
DA:873,0
DA:874,0
DA:875,0
DA:877,0
DA:878,0
DA:885,0
DA:886,0
DA:887,0
DA:889,0
LF:412
LH:0
end_of_record
SF:lib/src/features/catalog/presentation/screens/catalog_shared_widgets.dart
DA:24,0
DA:35,0
DA:37,0
DA:38,0
DA:39,0
DA:40,0
DA:41,0
DA:42,0
DA:43,0
DA:51,0
DA:60,0
DA:62,0
DA:69,0
DA:79,0
DA:81,0
DA:82,0
DA:83,0
DA:84,0
DA:85,0
DA:86,0
DA:87,0
DA:88,0
DA:89,0
DA:90,0
DA:91,0
DA:95,0
DA:98,0
DA:99,0
DA:103,0
DA:104,0
DA:105,0
DA:107,0
DA:109,0
DA:110,0
DA:111,0
DA:112,0
DA:113,0
DA:114,0
DA:115,0
DA:116,0
DA:117,0
DA:118,0
DA:119,0
DA:120,0
DA:121,0
DA:122,0
DA:123,0
DA:124,0
DA:125,0
DA:126,0
DA:127,0
DA:128,0
DA:146,0
DA:147,0
DA:148,0
DA:152,0
DA:153,0
DA:154,0
DA:155,0
DA:156,0
DA:158,0
DA:159,0
DA:160,0
DA:161,0
DA:162,0
DA:168,0
DA:172,0
DA:173,0
DA:177,0
DA:181,0
DA:182,0
DA:183,0
DA:185,0
DA:186,0
DA:187,0
DA:192,0
DA:196,0
DA:198,0
DA:199,0
DA:200,0
DA:202,0
DA:205,0
DA:206,0
DA:208,0
DA:240,0
DA:257,0
DA:259,0
DA:260,0
DA:262,0
DA:265,0
DA:266,0
DA:267,0
DA:269,0
DA:270,0
DA:271,0
DA:272,0
DA:273,0
DA:276,0
DA:277,0
DA:278,0
DA:279,0
DA:280,0
DA:281,0
DA:282,0
DA:283,0
DA:286,0
DA:287,0
DA:288,0
DA:290,0
DA:291,0
DA:296,0
DA:297,0
DA:299,0
DA:300,0
DA:301,0
DA:302,0
DA:304,0
DA:306,0
DA:307,0
DA:308,0
DA:309,0
DA:315,0
DA:319,0
DA:321,0
DA:324,0
DA:340,0
DA:353,0
DA:355,0
DA:356,0
DA:357,0
DA:358,0
DA:359,0
DA:361,0
DA:362,0
DA:363,0
DA:364,0
DA:365,0
DA:368,0
DA:369,0
DA:371,0
DA:374,0
DA:375,0
DA:377,0
DA:378,0
DA:393,0
DA:402,0
DA:404,0
DA:405,0
DA:406,0
DA:408,0
DA:409,0
DA:420,1
DA:422,0
DA:424,0
DA:426,0
DA:457,1
DA:459,0
DA:461,0
DA:462,0
DA:492,1
DA:501,0
DA:503,0
DA:504,0
DA:505,0
DA:506,0
DA:507,0
DA:508,0
DA:509,0
DA:521,0
DA:530,0
DA:532,0
DA:533,0
DA:536,0
DA:537,0
DA:538,0
DA:539,0
DA:541,0
DA:543,0
DA:544,0
DA:546,0
DA:547,0
DA:548,0
DA:564,0
DA:575,0
DA:577,0
DA:578,0
DA:579,0
DA:580,0
DA:581,0
DA:583,0
DA:584,0
DA:586,0
DA:587,0
DA:588,0
DA:589,0
DA:590,0
LF:196
LH:3
end_of_record
SF:lib/src/features/catalog/presentation/screens/catalog_status_widgets.dart
DA:13,0
DA:20,0
DA:22,0
DA:25,0
DA:26,0
DA:29,0
DA:30,0
DA:31,0
DA:32,0
DA:33,0
DA:34,0
DA:35,0
DA:48,0
DA:57,0
DA:59,0
DA:60,0
DA:61,0
DA:62,0
DA:63,0
DA:65,0
DA:66,0
DA:67,0
DA:68,0
DA:70,0
DA:71,0
DA:74,0
DA:75,0
DA:80,0
DA:81,0
DA:82,0
DA:92,0
DA:101,0
DA:103,0
DA:104,0
DA:105,0
DA:106,0
DA:107,0
DA:108,0
DA:109,0
DA:111,0
DA:112,0
DA:113,0
DA:114,0
DA:115,0
DA:116,0
DA:117,0
DA:118,0
DA:124,0
DA:125,0
DA:126,0
DA:136,0
DA:145,0
DA:147,0
DA:148,0
DA:149,0
DA:151,0
DA:153,0
DA:154,0
DA:156,0
DA:157,0
DA:158,0
DA:172,0
DA:181,0
DA:183,0
DA:185,0
DA:186,0
DA:187,0
DA:188,0
DA:189,0
DA:190,0
DA:191,0
DA:204,0
DA:220,0
DA:222,0
DA:223,0
DA:227,0
DA:228,0
DA:229,0
DA:231,0
DA:232,0
DA:233,0
DA:236,0
DA:237,0
DA:238,0
DA:241,0
DA:244,0
DA:246,0
DA:247,0
DA:249,0
DA:260,0
DA:271,0
DA:273,0
DA:275,0
DA:276,0
DA:277,0
DA:280,0
DA:282,0
DA:283,0
DA:285,0
LF:99
LH:0
end_of_record
SF:lib/src/features/catalog/presentation/screens/catalog_toolbar_widgets.dart
DA:18,0
DA:27,0
DA:30,0
DA:31,0
DA:32,0
DA:33,0
DA:38,0
DA:39,0
DA:40,0
DA:43,0
DA:44,0
DA:45,0
DA:53,0
DA:54,0
DA:56,0
DA:57,0
DA:59,0
DA:60,0
DA:61,0
DA:62,0
DA:63,0
DA:64,0
DA:65,0
DA:70,0
DA:71,0
DA:73,0
DA:79,0
DA:80,0
DA:82,0
DA:83,0
DA:84,0
DA:86,0
DA:87,0
DA:90,0
DA:92,0
DA:93,0
DA:105,1
DA:108,0
DA:110,0
DA:112,0
DA:113,0
DA:114,0
DA:115,0
DA:125,0
DA:128,0
DA:130,0
DA:131,0
DA:133,0
DA:134,0
DA:135,0
DA:137,0
DA:138,0
DA:139,0
DA:142,0
DA:143,0
DA:144,0
DA:147,0
DA:148,0
DA:149,0
DA:150,0
DA:151,0
DA:152,0
DA:155,0
DA:162,0
DA:165,0
DA:167,0
DA:168,0
DA:170,0
DA:172,0
DA:173,0
DA:175,0
DA:176,0
DA:183,0
DA:190,0
DA:192,0
DA:193,0
DA:194,0
DA:196,0
DA:198,0
DA:200,0
DA:201,0
DA:204,0
DA:206,0
DA:214,0
DA:221,0
DA:222,0
DA:223,0
DA:224,0
DA:225,0
DA:227,0
DA:233,0
DA:234,0
DA:237,0
DA:238,0
DA:239,0
DA:241,0
DA:250,0
DA:251,0
DA:252,0
DA:253,0
DA:255,0
DA:256,0
DA:272,0
DA:279,0
DA:282,0
DA:283,0
DA:284,0
DA:285,0
DA:290,0
DA:291,0
DA:292,0
DA:298,0
DA:299,0
DA:300,0
DA:301,0
DA:302,0
DA:305,0
DA:307,0
DA:308,0
DA:309,0
DA:310,0
DA:311,0
DA:314,0
DA:317,0
DA:318,0
DA:319,0
DA:320,0
DA:321,0
DA:322,0
DA:324,0
DA:328,0
DA:329,0
DA:330,0
DA:331,0
DA:333,0
DA:334,0
DA:335,0
DA:341,0
DA:352,0
DA:363,0
DA:365,0
DA:366,0
DA:368,0
DA:370,0
DA:371,0
DA:374,0
DA:375,0
DA:376,0
DA:379,0
DA:380,0
DA:381,0
DA:382,0
DA:387,0
DA:388,0
DA:389,0
DA:390,0
DA:393,0
DA:394,0
DA:395,0
DA:396,0
DA:397,0
DA:401,0
DA:403,0
DA:404,0
DA:405,0
DA:406,0
DA:407,0
DA:410,0
DA:411,0
DA:412,0
DA:414,0
DA:416,0
DA:420,0
DA:421,0
DA:428,0
DA:431,0
DA:432,0
DA:435,0
DA:471,0
DA:473,0
DA:475,0
DA:476,0
DA:491,0
DA:492,0
LF:184
LH:1
end_of_record
SF:lib/src/features/catalog/presentation/screens/catalog_locale_settings.dart
DA:14,0
DA:21,0
DA:22,0
DA:31,0
DA:33,0
DA:34,0
DA:37,0
DA:38,0
DA:39,0
DA:40,0
DA:41,0
DA:42,0
DA:43,0
DA:45,0
DA:48,0
DA:49,0
DA:50,0
DA:51,0
DA:52,0
DA:56,0
DA:57,0
DA:58,0
DA:59,0
DA:60,0
DA:65,0
DA:67,0
DA:68,0
DA:70,0
DA:71,0
DA:72,0
DA:73,0
DA:74,0
DA:77,0
DA:78,0
DA:80,0
DA:86,0
DA:87,0
DA:88,0
DA:90,0
DA:91,0
DA:92,0
DA:94,0
DA:95,0
DA:102,0
DA:104,0
DA:105,0
DA:106,0
DA:107,0
DA:108,0
DA:109,0
DA:111,0
DA:112,0
DA:114,0
DA:117,0
DA:118,0
DA:119,0
DA:120,0
DA:126,0
DA:127,0
DA:129,0
DA:130,0
DA:134,0
DA:147,0
DA:159,0
DA:161,0
DA:163,0
DA:164,0
DA:165,0
DA:166,0
DA:168,0
DA:169,0
DA:170,0
DA:172,0
DA:175,0
DA:176,0
DA:177,0
DA:178,0
DA:181,0
DA:182,0
DA:184,0
DA:188,0
DA:224,0
DA:233,0
DA:245,0
DA:246,0
DA:252,0
DA:254,0
DA:255,0
DA:258,0
DA:260,0
DA:261,0
DA:262,0
DA:264,0
DA:266,0
DA:267,0
DA:269,0
DA:270,0
DA:271,0
DA:272,0
DA:275,0
DA:277,0
DA:278,0
DA:279,0
DA:280,0
DA:281,0
DA:285,0
DA:286,0
DA:288,0
DA:289,0
DA:293,0
DA:297,0
DA:298,0
DA:299,0
DA:302,0
DA:303,0
DA:304,0
DA:307,0
DA:311,0
DA:312,0
DA:316,0
DA:318,0
DA:320,0
DA:329,0
DA:330,0
DA:331,0
DA:332,0
DA:334,0
DA:335,0
DA:337,0
DA:338,0
DA:343,0
DA:344,0
DA:345,0
DA:346,0
DA:352,0
DA:353,0
DA:354,0
DA:357,0
DA:359,0
DA:360,0
DA:362,0
DA:363,0
DA:368,0
DA:371,0
DA:372,0
DA:373,0
DA:374,0
DA:380,0
DA:385,0
DA:386,0
DA:388,0
DA:394,0
DA:396,0
DA:399,0
DA:400,0
DA:406,0
DA:407,0
DA:412,0
DA:413,0
DA:414,0
DA:415,0
DA:416,0
DA:417,0
DA:418,0
DA:421,0
DA:422,0
DA:425,0
DA:426,0
DA:427,0
DA:441,0
DA:449,0
DA:450,0
DA:453,0
DA:457,0
DA:458,0
DA:459,0
DA:462,0
DA:468,0
DA:472,0
DA:473,0
DA:474,0
DA:475,0
DA:481,0
DA:482,0
DA:485,0
DA:486,0
DA:495,1
DA:497,0
DA:499,0
DA:501,0
DA:509,0
DA:510,0
DA:511,0
DA:524,1
DA:526,0
DA:528,0
DA:530,0
DA:538,0
DA:539,0
DA:540,0
LF:200
LH:2
end_of_record
SF:lib/src/features/catalog/server/catalog_backend.dart
DA:15,1
DA:27,0
DA:28,5
DA:30,1
DA:31,1
DA:34,4
DA:35,3
DA:38,1
DA:39,1
DA:43,1
DA:44,1
DA:47,1
DA:49,2
DA:50,2
DA:52,1
DA:53,0
DA:54,0
DA:55,0
DA:56,0
DA:57,0
DA:58,0
DA:62,2
DA:63,2
DA:64,2
DA:67,2
DA:68,3
DA:69,0
DA:70,2
DA:71,3
DA:74,1
DA:77,1
DA:78,4
DA:83,2
DA:84,2
DA:85,2
DA:88,2
DA:89,4
DA:90,2
DA:91,1
DA:94,1
DA:95,4
DA:100,2
DA:101,1
DA:102,2
DA:103,1
DA:104,1
DA:105,1
DA:106,2
DA:107,4
DA:110,2
DA:111,2
DA:112,2
DA:118,2
DA:121,2
DA:122,1
DA:123,2
DA:124,1
DA:125,0
DA:126,0
DA:128,0
DA:130,0
DA:132,2
DA:134,2
DA:136,2
DA:139,2
DA:140,1
DA:141,2
DA:142,2
DA:143,1
DA:144,2
DA:149,2
DA:152,1
DA:153,0
DA:154,0
DA:155,0
DA:156,0
DA:160,0
DA:163,2
DA:164,1
DA:165,2
DA:166,2
DA:167,2
DA:171,2
DA:174,2
DA:175,1
DA:176,1
DA:177,1
DA:178,1
DA:179,2
DA:180,3
DA:183,2
DA:184,2
DA:187,0
DA:188,0
DA:189,0
DA:190,0
DA:191,0
DA:196,0
DA:197,0
DA:198,0
DA:199,0
DA:201,0
DA:202,0
DA:205,0
DA:210,0
DA:212,0
DA:213,0
DA:216,0
DA:221,0
DA:227,0
DA:229,0
DA:230,0
DA:231,0
DA:232,0
DA:234,0
DA:235,0
DA:238,0
DA:243,0
DA:244,0
DA:245,0
DA:246,0
DA:247,0
DA:250,0
DA:253,0
DA:254,0
DA:258,0
DA:259,0
DA:260,0
DA:262,0
DA:263,0
DA:266,0
DA:271,0
DA:273,0
DA:274,0
DA:276,0
DA:277,0
DA:278,0
DA:279,0
DA:280,0
DA:283,0
DA:285,0
DA:286,0
DA:293,0
DA:294,0
DA:295,0
DA:296,0
DA:297,0
DA:299,0
DA:300,0
DA:301,0
DA:302,0
DA:307,0
DA:308,0
DA:309,0
DA:311,0
DA:315,0
DA:317,0
DA:321,0
DA:326,0
DA:330,0
DA:331,0
DA:332,0
DA:333,0
DA:335,0
DA:336,0
DA:339,0
DA:343,0
DA:344,0
DA:347,0
DA:353,0
DA:354,0
DA:358,0
DA:361,0
DA:364,0
DA:366,0
DA:367,0
DA:374,0
DA:375,0
DA:376,0
DA:378,0
DA:379,0
DA:382,0
DA:386,0
DA:387,0
DA:389,0
DA:392,0
DA:397,0
DA:398,0
DA:399,0
DA:400,0
DA:403,0
DA:407,0
DA:408,0
DA:409,0
DA:410,0
DA:411,0
DA:412,0
DA:413,0
DA:417,0
DA:418,0
DA:419,0
DA:420,0
DA:421,0
DA:422,0
DA:424,0
DA:425,0
DA:426,0
DA:427,0
DA:429,0
DA:432,0
DA:436,0
DA:439,0
DA:441,1
DA:442,1
DA:445,2
DA:448,0
DA:451,0
DA:456,1
DA:457,3
DA:458,2
DA:459,0
DA:461,1
DA:462,1
DA:465,1
DA:468,1
DA:473,1
DA:474,1
DA:475,3
DA:476,2
DA:477,2
DA:478,2
DA:479,2
DA:480,2
DA:485,1
DA:498,0
DA:499,5
DA:501,1
DA:502,1
DA:505,2
DA:506,4
DA:507,3
DA:510,1
DA:511,1
DA:515,1
DA:516,1
DA:519,1
DA:520,2
DA:521,3
DA:522,0
DA:523,0
DA:524,0
DA:525,0
DA:529,1
DA:530,1
DA:531,1
DA:532,3
DA:533,1
DA:534,2
DA:538,1
DA:539,1
DA:540,1
DA:541,3
DA:542,1
DA:543,2
DA:544,1
DA:547,2
DA:551,1
DA:553,0
DA:554,0
DA:555,0
DA:556,0
DA:560,2
DA:561,3
DA:562,2
DA:563,4
DA:564,1
DA:569,0
DA:570,0
DA:571,0
DA:572,0
DA:576,3
DA:577,1
DA:580,1
DA:581,1
DA:582,0
DA:583,0
DA:584,0
DA:585,0
DA:589,1
DA:590,1
DA:591,4
DA:592,3
DA:593,2
DA:598,0
DA:620,0
DA:621,0
DA:622,0
DA:624,0
DA:625,0
DA:627,0
DA:629,0
DA:633,0
DA:634,0
DA:638,0
DA:639,0
DA:640,0
DA:644,0
DA:646,0
DA:647,0
DA:650,0
DA:651,0
DA:654,0
DA:655,0
DA:662,1
DA:664,1
DA:665,3
DA:669,1
DA:670,1
DA:675,0
DA:677,1
DA:681,2
DA:682,1
DA:688,0
DA:693,1
DA:694,1
DA:696,1
DA:697,2
DA:699,1
DA:703,0
DA:704,0
DA:706,0
DA:709,0
DA:710,0
DA:717,1
DA:718,2
DA:719,1
DA:720,1
DA:721,0
DA:722,0
DA:723,0
DA:724,0
DA:725,0
DA:726,0
DA:727,0
DA:728,0
DA:729,0
DA:730,0
DA:731,0
DA:732,0
DA:733,0
DA:734,0
DA:735,0
DA:736,0
DA:737,0
DA:738,0
DA:739,0
DA:740,0
DA:741,0
DA:742,0
DA:743,0
DA:745,0
LF:361
LH:153
end_of_record
SF:lib/src/utils/migration_helper.dart
DA:15,1
DA:33,1
DA:47,0
DA:48,0
DA:52,0
DA:53,0
DA:54,0
DA:57,0
DA:58,0
DA:59,0
DA:60,0
DA:63,0
DA:66,0
DA:67,0
DA:68,0
DA:69,0
DA:70,0
DA:73,0
DA:74,0
DA:75,0
DA:76,0
DA:77,0
DA:79,0
DA:80,0
DA:82,0
DA:87,1
DA:99,6
DA:103,0
DA:105,1
DA:106,3
DA:107,1
DA:108,0
DA:111,3
DA:112,2
DA:113,1
DA:114,1
DA:116,1
DA:117,1
DA:120,1
DA:121,1
DA:123,2
DA:124,1
DA:128,1
DA:130,1
DA:131,6
DA:134,1
DA:135,1
DA:136,1
DA:142,1
DA:147,1
DA:148,3
DA:149,1
DA:151,1
DA:152,0
DA:155,1
DA:156,2
DA:157,1
DA:158,1
DA:159,1
DA:160,0
DA:162,1
DA:163,1
DA:164,2
DA:169,3
DA:170,1
DA:173,2
DA:174,2
DA:179,7
DA:183,1
DA:189,1
DA:190,1
DA:192,1
DA:196,2
DA:197,0
DA:198,0
DA:206,1
DA:211,2
DA:213,2
DA:214,1
DA:215,1
DA:216,1
DA:217,1
DA:218,1
DA:222,1
DA:226,2
DA:227,1
DA:228,1
DA:229,1
DA:231,1
DA:232,2
DA:235,1
DA:237,1
DA:240,1
DA:241,1
DA:245,1
DA:251,1
DA:267,1
DA:269,1
DA:272,1
DA:275,1
DA:278,1
DA:281,1
DA:284,1
DA:287,1
DA:290,1
DA:292,1
DA:295,1
DA:298,1
DA:299,2
DA:302,5
DA:306,0
DA:307,0
DA:311,0
DA:312,0
DA:314,0
DA:318,0
DA:319,0
DA:321,0
DA:325,0
DA:326,0
DA:327,0
DA:328,0
DA:329,0
DA:330,0
DA:331,0
DA:335,1
DA:336,5
DA:342,2
DA:343,2
DA:344,1
DA:345,0
DA:346,0
DA:347,0
DA:348,0
DA:349,0
DA:350,0
DA:351,0
DA:352,0
DA:359,1
DA:360,1
DA:362,0
DA:366,5
DA:367,1
DA:368,1
DA:372,1
DA:373,5
DA:376,5
DA:380,2
DA:385,4
DA:386,2
DA:387,1
DA:388,0
DA:392,2
DA:393,1
DA:399,0
DA:403,5
DA:404,1
DA:405,1
DA:409,1
DA:410,7
DA:415,1
DA:416,2
DA:422,4
DA:423,1
DA:424,3
DA:426,2
DA:427,1
DA:429,0
DA:432,1
DA:435,5
DA:436,1
DA:437,1
DA:441,1
DA:442,4
DA:446,2
DA:447,3
DA:449,0
DA:453,1
DA:455,0
DA:459,5
DA:460,1
DA:461,1
DA:465,1
DA:466,4
DA:470,2
DA:471,3
DA:473,0
DA:477,3
DA:479,0
DA:483,5
DA:484,1
DA:485,1
DA:489,1
DA:490,2
DA:493,6
DA:494,5
DA:500,1
DA:501,3
DA:502,1
DA:503,1
DA:504,2
DA:506,2
DA:507,2
DA:509,0
DA:510,0
DA:516,2
DA:517,1
DA:518,3
DA:519,6
DA:520,2
DA:524,0
DA:525,0
DA:528,1
DA:533,3
DA:534,3
DA:538,2
DA:539,0
DA:540,0
DA:542,3
DA:545,1
DA:546,3
DA:547,2
DA:549,0
DA:550,0
DA:555,1
DA:556,1
DA:557,1
DA:558,0
DA:559,0
DA:560,0
DA:561,0
DA:564,1
DA:565,4
DA:568,1
DA:569,1
DA:570,4
DA:571,6
DA:573,3
DA:575,0
DA:576,0
DA:577,0
DA:579,0
DA:580,0
DA:581,0
DA:584,0
DA:585,0
DA:586,0
DA:587,0
DA:590,0
DA:594,1
DA:595,1
DA:596,1
DA:599,0
DA:600,0
DA:601,0
DA:602,0
DA:603,0
DA:604,0
DA:610,1
DA:611,4
DA:614,5
DA:615,3
DA:618,1
DA:619,1
DA:624,1
DA:631,1
DA:632,2
DA:633,5
DA:634,2
DA:640,1
DA:641,1
DA:642,1
DA:645,5
DA:648,3
DA:649,1
DA:652,4
DA:653,1
DA:657,1
DA:658,2
DA:659,1
DA:662,2
DA:666,3
DA:671,1
DA:672,1
DA:673,1
DA:678,1
DA:679,1
DA:680,3
DA:683,1
DA:687,4
DA:688,2
DA:690,1
DA:691,3
DA:692,2
DA:693,3
DA:699,5
DA:703,1
DA:710,1
DA:711,1
DA:712,2
DA:713,3
DA:714,1
DA:717,0
DA:721,2
DA:722,4
DA:727,1
DA:729,3
DA:730,1
DA:731,1
DA:735,1
DA:736,1
DA:737,1
DA:744,1
DA:746,1
DA:750,2
DA:752,3
DA:753,2
DA:754,1
DA:755,1
DA:758,1
DA:759,2
DA:762,1
DA:763,1
DA:764,1
DA:765,3
DA:766,1
DA:767,1
DA:771,2
DA:773,3
DA:774,2
DA:775,1
DA:776,1
DA:779,1
DA:780,2
DA:783,1
DA:784,2
DA:786,3
DA:787,1
DA:788,0
DA:790,1
DA:791,3
DA:792,1
DA:798,1
DA:799,1
DA:800,1
DA:802,0
DA:805,1
DA:806,1
DA:807,1
DA:810,2
DA:813,1
DA:814,1
DA:815,1
DA:816,1
DA:817,1
DA:818,1
DA:821,1
DA:822,2
DA:828,1
DA:829,2
LF:360
LH:268
end_of_record
SF:lib/src/utils/conversion_helper.dart
DA:12,0
DA:28,0
DA:38,1
DA:39,2
DA:42,0
DA:43,0
DA:44,0
DA:45,0
DA:51,0
DA:52,0
DA:55,0
DA:60,0
DA:62,0
DA:63,0
DA:67,0
DA:68,0
DA:73,0
DA:77,0
DA:81,0
DA:82,0
DA:83,0
DA:86,0
DA:87,0
DA:88,0
DA:91,0
DA:92,0
DA:93,0
DA:94,0
DA:99,0
DA:101,0
DA:108,0
DA:112,0
DA:113,0
DA:114,0
DA:118,0
DA:119,0
DA:120,0
DA:121,0
DA:122,0
DA:124,0
DA:125,0
DA:126,0
DA:131,0
DA:132,0
DA:133,0
DA:134,0
DA:135,0
DA:139,0
DA:140,0
DA:141,0
DA:142,0
DA:143,0
DA:145,0
DA:146,0
DA:147,0
DA:148,0
DA:149,0
DA:150,0
DA:151,0
DA:155,0
DA:156,0
DA:158,0
DA:160,0
DA:167,0
DA:172,0
DA:173,0
DA:174,0
DA:175,0
DA:179,1
DA:180,2
DA:183,0
DA:184,0
DA:185,0
DA:186,0
DA:189,0
DA:192,0
DA:193,0
DA:194,0
DA:195,0
DA:198,0
DA:201,0
DA:203,0
DA:204,0
LF:83
LH:4
end_of_record
SF:lib/src/utils/translation_file_parser.dart
DA:8,0
DA:10,1
DA:11,1
DA:12,1
DA:15,0
DA:16,0
DA:21,0
DA:22,0
DA:23,0
DA:24,0
DA:27,0
DA:28,0
DA:33,0
DA:34,0
DA:35,0
DA:36,0
DA:41,0
DA:42,0
DA:46,0
DA:47,0
DA:48,0
DA:49,0
DA:50,0
DA:51,0
DA:52,0
DA:53,0
DA:54,0
DA:60,0
DA:61,0
DA:62,0
DA:63,0
DA:64,0
DA:69,0
DA:70,0
DA:71,0
DA:73,0
DA:74,0
DA:79,0
DA:80,0
DA:81,0
DA:84,0
DA:85,0
DA:86,0
DA:87,0
DA:89,0
DA:90,0
DA:97,0
DA:98,0
DA:99,0
DA:103,0
DA:106,0
DA:110,0
DA:111,0
DA:112,0
DA:113,0
DA:115,0
DA:123,0
DA:124,0
DA:125,0
DA:128,0
DA:129,0
DA:130,0
DA:131,0
DA:135,0
DA:136,0
DA:140,0
LF:66
LH:3
end_of_record
SF:lib/src/utils/localization_metadata.dart
DA:16,1
DA:32,0
DA:36,1
DA:46,1
DA:47,1
DA:48,1
DA:49,0
DA:53,1
DA:54,1
DA:55,5
DA:56,1
DA:57,1
DA:59,1
DA:60,0
DA:63,1
DA:64,2
DA:65,2
DA:66,1
DA:67,2
DA:70,1
DA:71,1
DA:72,1
DA:73,1
DA:74,2
DA:75,1
DA:76,4
DA:79,1
DA:80,2
DA:81,1
DA:82,1
DA:83,1
DA:84,1
DA:85,1
DA:86,2
DA:88,2
DA:89,2
DA:94,2
DA:99,1
DA:100,2
DA:101,1
DA:104,2
DA:107,1
DA:115,1
DA:119,1
DA:120,2
DA:121,4
DA:122,1
DA:123,1
DA:124,1
DA:127,1
DA:128,1
DA:129,1
DA:131,2
DA:138,1
DA:139,1
DA:140,1
DA:145,1
DA:147,3
DA:150,1
DA:155,2
DA:156,1
DA:157,1
DA:160,3
DA:161,1
DA:170,1
DA:172,2
DA:173,2
DA:174,1
LF:68
LH:65
end_of_record
SF:lib/src/utils/migration_validation_helper.dart
DA:15,0
DA:37,1
DA:45,1
DA:46,1
DA:47,1
DA:48,2
DA:49,1
DA:50,1
DA:51,1
DA:61,1
DA:62,1
DA:63,2
DA:64,2
DA:65,2
DA:66,3
DA:67,1
DA:73,1
DA:83,1
DA:84,1
DA:85,1
DA:86,1
DA:87,1
DA:88,1
DA:89,3
DA:90,1
DA:91,2
DA:92,5
DA:93,1
DA:105,1
DA:106,1
DA:107,2
DA:108,2
DA:109,2
DA:110,6
DA:111,2
DA:112,2
DA:113,1
DA:119,1
DA:127,1
DA:128,1
DA:129,1
DA:130,1
DA:131,2
DA:132,2
DA:133,2
DA:143,8
DA:145,1
DA:146,1
DA:147,1
DA:148,1
DA:149,1
DA:150,1
DA:151,1
DA:152,1
DA:158,1
DA:168,1
DA:169,1
DA:170,1
DA:171,1
DA:172,1
DA:173,2
DA:174,1
DA:175,3
DA:176,1
DA:177,1
DA:178,3
DA:179,1
DA:180,5
DA:192,5
DA:194,1
DA:195,1
DA:196,1
DA:197,1
DA:198,1
DA:199,1
DA:200,5
DA:201,5
DA:202,1
DA:208,0
DA:210,0
DA:211,0
DA:212,0
DA:213,0
DA:215,0
DA:217,0
DA:218,0
DA:219,0
DA:223,0
DA:224,0
DA:226,0
DA:227,0
DA:228,0
DA:236,0
DA:237,0
DA:238,0
DA:239,0
DA:240,0
DA:241,0
DA:242,0
DA:243,0
DA:244,0
DA:246,0
DA:247,0
DA:248,0
DA:249,0
DA:250,0
DA:251,0
DA:254,0
DA:255,0
DA:258,0
DA:259,0
DA:260,0
DA:261,0
DA:262,0
DA:268,0
DA:269,0
DA:270,0
DA:271,0
DA:273,0
DA:274,0
DA:280,1
DA:285,1
DA:286,3
DA:288,1
DA:290,2
DA:291,2
DA:295,1
DA:296,3
DA:298,2
DA:299,2
DA:300,2
DA:303,5
DA:304,1
DA:305,1
DA:306,1
DA:307,1
DA:308,1
DA:309,1
DA:310,1
DA:321,0
DA:326,0
DA:327,0
DA:328,0
DA:330,0
DA:332,0
DA:333,0
DA:334,0
DA:337,0
DA:340,0
DA:341,0
DA:352,0
DA:353,0
DA:354,0
DA:358,0
DA:361,0
DA:363,0
DA:364,0
DA:365,0
DA:370,0
DA:372,0
DA:373,0
DA:375,0
DA:376,0
DA:379,0
DA:380,0
DA:381,0
DA:386,0
DA:388,0
DA:389,0
DA:391,0
DA:401,0
DA:404,0
DA:405,0
DA:406,0
DA:407,0
DA:412,0
DA:415,0
DA:417,0
DA:418,0
DA:425,0
DA:426,0
DA:427,0
DA:432,0
DA:435,0
DA:437,0
DA:438,0
DA:439,0
DA:444,0
DA:447,0
DA:449,0
DA:450,0
DA:451,0
DA:455,0
DA:457,0
DA:459,0
DA:462,0
DA:468,0
DA:473,0
DA:475,0
DA:476,0
DA:477,0
DA:478,0
DA:480,0
DA:481,0
DA:483,0
DA:485,0
DA:488,0
DA:489,0
DA:490,0
DA:492,0
DA:495,0
DA:497,0
DA:502,0
DA:508,0
DA:515,0
DA:516,0
DA:517,0
DA:521,0
DA:522,0
DA:523,0
DA:524,0
DA:525,0
DA:526,0
DA:527,0
DA:528,0
DA:529,0
DA:535,0
DA:541,0
DA:542,0
DA:544,0
DA:545,0
DA:548,0
DA:552,0
DA:553,0
DA:554,0
DA:570,0
DA:582,0
DA:585,0
DA:586,0
DA:621,0
DA:622,0
DA:659,0
DA:660,0
DA:708,0
DA:709,0
DA:732,0
DA:733,0
DA:734,0
DA:735,0
DA:737,0
DA:738,0
DA:745,0
DA:746,0
DA:747,0
DA:748,0
DA:750,0
DA:751,0
DA:760,0
DA:761,0
DA:762,0
DA:777,0
DA:789,0
DA:792,0
DA:793,0
DA:801,0
DA:802,0
DA:822,0
DA:823,0
DA:860,0
DA:861,0
DA:885,0
DA:886,0
DA:904,0
DA:905,0
DA:906,0
DA:910,0
DA:911,0
DA:912,0
DA:917,0
DA:918,0
DA:919,0
DA:923,0
DA:924,0
DA:925,0
DA:932,0
DA:934,0
DA:935,0
DA:937,0
DA:939,0
DA:940,0
DA:941,0
DA:944,0
DA:947,0
DA:948,0
DA:949,0
DA:950,0
DA:953,0
DA:954,0
DA:955,0
DA:956,0
DA:961,1
DA:971,0
LF:302
LH:97
end_of_record
SF:lib/src/features/catalog/domain/entities/fallback_cascade_notification.dart
DA:9,1
DA:25,1
DA:26,2
DA:27,2
DA:30,2
DA:31,1
DA:32,1
DA:35,1
DA:36,3
LF:9
LH:9
end_of_record
